{"/home/travis/build/npmtest/node-npmtest-jsprim/test.js":{"path":"/home/travis/build/npmtest/node-npmtest-jsprim/test.js","s":{"1":2,"2":2,"3":2,"4":2,"5":2,"6":2,"7":2,"8":1,"9":2,"10":2,"11":1,"12":1,"13":1,"14":1,"15":2,"16":2,"17":2,"18":2,"19":1,"20":1,"21":2,"22":2,"23":2,"24":1,"25":1,"26":1,"27":1,"28":1,"29":1,"30":1,"31":1,"32":1,"33":1,"34":1,"35":1,"36":1,"37":1,"38":1,"39":2,"40":2,"41":1,"42":2,"43":2,"44":1,"45":2,"46":2,"47":1,"48":2,"49":2,"50":1,"51":1,"52":1,"53":1,"54":1},"b":{"1":[2,1,1,1],"2":[1,1,1,1],"3":[1,1],"4":[1,1],"5":[1,1],"6":[1,1],"7":[1,1],"8":[1,1],"9":[1,1],"10":[1,1,1],"11":[1,1],"12":[1,1],"13":[1,1],"14":[1,1],"15":[1,1],"16":[1,1],"17":[1,1]},"f":{"1":2,"2":2,"3":2,"4":2,"5":2,"6":1,"7":1,"8":1,"9":2,"10":2,"11":2,"12":2,"13":1},"fnMap":{"1":{"name":"(anonymous_1)","line":12,"loc":{"start":{"line":12,"column":1},"end":{"line":12,"column":13}}},"2":{"name":"(anonymous_2)","line":19,"loc":{"start":{"line":19,"column":5},"end":{"line":19,"column":17}}},"3":{"name":"(anonymous_3)","line":23,"loc":{"start":{"line":23,"column":24},"end":{"line":23,"column":36}}},"4":{"name":"(anonymous_4)","line":61,"loc":{"start":{"line":61,"column":5},"end":{"line":61,"column":17}}},"5":{"name":"(anonymous_5)","line":82,"loc":{"start":{"line":82,"column":5},"end":{"line":82,"column":17}}},"6":{"name":"(anonymous_6)","line":91,"loc":{"start":{"line":91,"column":77},"end":{"line":94,"column":10}}},"7":{"name":"(anonymous_7)","line":112,"loc":{"start":{"line":112,"column":83},"end":{"line":115,"column":10}},"skip":true},"8":{"name":"(anonymous_8)","line":123,"loc":{"start":{"line":123,"column":77},"end":{"line":126,"column":10}},"skip":true},"9":{"name":"(anonymous_9)","line":139,"loc":{"start":{"line":139,"column":12},"end":{"line":139,"column":40}},"skip":true},"10":{"name":"(anonymous_10)","line":147,"loc":{"start":{"line":147,"column":77},"end":{"line":150,"column":10}},"skip":true},"11":{"name":"(anonymous_11)","line":158,"loc":{"start":{"line":158,"column":83},"end":{"line":161,"column":10}},"skip":true},"12":{"name":"(anonymous_12)","line":169,"loc":{"start":{"line":169,"column":79},"end":{"line":172,"column":10}},"skip":true},"13":{"name":"(anonymous_13)","line":180,"loc":{"start":{"line":180,"column":75},"end":{"line":183,"column":10}},"skip":true}},"statementMap":{"1":{"start":{"line":12,"column":0},"end":{"line":195,"column":5}},"2":{"start":{"line":14,"column":4},"end":{"line":14,"column":14}},"3":{"start":{"line":19,"column":4},"end":{"line":56,"column":9}},"4":{"start":{"line":21,"column":8},"end":{"line":21,"column":19}},"5":{"start":{"line":23,"column":8},"end":{"line":35,"column":13}},"6":{"start":{"line":24,"column":12},"end":{"line":34,"column":13}},"7":{"start":{"line":25,"column":16},"end":{"line":28,"column":30}},"8":{"start":{"line":30,"column":16},"end":{"line":33,"column":27}},"9":{"start":{"line":37,"column":8},"end":{"line":39,"column":21}},"10":{"start":{"line":40,"column":8},"end":{"line":53,"column":9}},"11":{"start":{"line":43,"column":12},"end":{"line":46,"column":14}},"12":{"start":{"line":47,"column":12},"end":{"line":47,"column":18}},"13":{"start":{"line":50,"column":12},"end":{"line":51,"column":33}},"14":{"start":{"line":52,"column":12},"end":{"line":52,"column":18}},"15":{"start":{"line":55,"column":8},"end":{"line":55,"column":35}},"16":{"start":{"line":61,"column":4},"end":{"line":63,"column":9}},"17":{"start":{"line":62,"column":8},"end":{"line":62,"column":15}},"18":{"start":{"line":64,"column":4},"end":{"line":77,"column":5}},"19":{"start":{"line":70,"column":8},"end":{"line":70,"column":14}},"20":{"start":{"line":76,"column":8},"end":{"line":76,"column":14}},"21":{"start":{"line":82,"column":4},"end":{"line":84,"column":9}},"22":{"start":{"line":83,"column":8},"end":{"line":83,"column":15}},"23":{"start":{"line":85,"column":4},"end":{"line":194,"column":5}},"24":{"start":{"line":91,"column":8},"end":{"line":99,"column":10}},"25":{"start":{"line":98,"column":12},"end":{"line":98,"column":35}},"26":{"start":{"line":102,"column":8},"end":{"line":104,"column":63}},"27":{"start":{"line":105,"column":8},"end":{"line":105,"column":14}},"28":{"start":{"line":112,"column":8},"end":{"line":121,"column":10},"skip":true},"29":{"start":{"line":119,"column":12},"end":{"line":119,"column":55},"skip":true},"30":{"start":{"line":120,"column":12},"end":{"line":120,"column":48},"skip":true},"31":{"start":{"line":123,"column":8},"end":{"line":136,"column":10},"skip":true},"32":{"start":{"line":130,"column":12},"end":{"line":130,"column":76},"skip":true},"33":{"start":{"line":131,"column":12},"end":{"line":131,"column":73},"skip":true},"34":{"start":{"line":132,"column":12},"end":{"line":132,"column":74},"skip":true},"35":{"start":{"line":133,"column":12},"end":{"line":133,"column":79},"skip":true},"36":{"start":{"line":134,"column":12},"end":{"line":134,"column":25},"skip":true},"37":{"start":{"line":135,"column":12},"end":{"line":135,"column":45},"skip":true},"38":{"start":{"line":138,"column":8},"end":{"line":145,"column":14},"skip":true},"39":{"start":{"line":143,"column":16},"end":{"line":143,"column":29},"skip":true},"40":{"start":{"line":144,"column":16},"end":{"line":144,"column":55},"skip":true},"41":{"start":{"line":147,"column":8},"end":{"line":156,"column":10},"skip":true},"42":{"start":{"line":154,"column":12},"end":{"line":154,"column":25},"skip":true},"43":{"start":{"line":155,"column":12},"end":{"line":155,"column":45},"skip":true},"44":{"start":{"line":158,"column":8},"end":{"line":167,"column":10},"skip":true},"45":{"start":{"line":165,"column":12},"end":{"line":165,"column":25},"skip":true},"46":{"start":{"line":166,"column":12},"end":{"line":166,"column":48},"skip":true},"47":{"start":{"line":169,"column":8},"end":{"line":178,"column":10},"skip":true},"48":{"start":{"line":176,"column":12},"end":{"line":176,"column":25},"skip":true},"49":{"start":{"line":177,"column":12},"end":{"line":177,"column":46},"skip":true},"50":{"start":{"line":180,"column":8},"end":{"line":189,"column":10},"skip":true},"51":{"start":{"line":187,"column":12},"end":{"line":187,"column":94},"skip":true},"52":{"start":{"line":188,"column":12},"end":{"line":188,"column":48},"skip":true},"53":{"start":{"line":192,"column":8},"end":{"line":192,"column":35},"skip":true},"54":{"start":{"line":193,"column":8},"end":{"line":193,"column":14},"skip":true}},"branchMap":{"1":{"line":25,"type":"binary-expr","locations":[{"start":{"line":25,"column":23},"end":{"line":25,"column":62}},{"start":{"line":26,"column":20},"end":{"line":26,"column":70}},{"start":{"line":27,"column":20},"end":{"line":27,"column":71}},{"start":{"line":28,"column":20},"end":{"line":28,"column":29}}]},"2":{"line":30,"type":"binary-expr","locations":[{"start":{"line":30,"column":23},"end":{"line":30,"column":37}},{"start":{"line":31,"column":20},"end":{"line":31,"column":61}},{"start":{"line":32,"column":20},"end":{"line":32,"column":70}},{"start":{"line":33,"column":20},"end":{"line":33,"column":26}}]},"3":{"line":37,"type":"cond-expr","locations":[{"start":{"line":38,"column":14},"end":{"line":38,"column":20}},{"start":{"line":39,"column":14},"end":{"line":39,"column":20}}]},"4":{"line":40,"type":"switch","locations":[{"start":{"line":42,"column":8},"end":{"line":47,"column":18}},{"start":{"line":49,"column":8},"end":{"line":52,"column":18}}]},"5":{"line":44,"type":"binary-expr","locations":[{"start":{"line":44,"column":16},"end":{"line":44,"column":44}},{"start":{"line":44,"column":48},"end":{"line":44,"column":66}}]},"6":{"line":50,"type":"binary-expr","locations":[{"start":{"line":50,"column":21},"end":{"line":50,"column":49}},{"start":{"line":50,"column":53},"end":{"line":50,"column":72}}]},"7":{"line":64,"type":"switch","locations":[{"start":{"line":69,"column":4},"end":{"line":70,"column":14}},{"start":{"line":75,"column":4},"end":{"line":76,"column":14}}]},"8":{"line":85,"type":"switch","locations":[{"start":{"line":90,"column":4},"end":{"line":105,"column":14}},{"start":{"line":111,"column":4},"end":{"line":193,"column":14},"skip":true}]},"9":{"line":91,"type":"binary-expr","locations":[{"start":{"line":91,"column":42},"end":{"line":91,"column":73}},{"start":{"line":91,"column":77},"end":{"line":99,"column":9}}]},"10":{"line":102,"type":"binary-expr","locations":[{"start":{"line":102,"column":18},"end":{"line":102,"column":32}},{"start":{"line":103,"column":12},"end":{"line":103,"column":53}},{"start":{"line":104,"column":12},"end":{"line":104,"column":61}}]},"11":{"line":112,"type":"binary-expr","locations":[{"start":{"line":112,"column":45},"end":{"line":112,"column":79},"skip":true},{"start":{"line":112,"column":83},"end":{"line":121,"column":9},"skip":true}]},"12":{"line":123,"type":"binary-expr","locations":[{"start":{"line":123,"column":42},"end":{"line":123,"column":73},"skip":true},{"start":{"line":123,"column":77},"end":{"line":136,"column":9},"skip":true}]},"13":{"line":138,"type":"binary-expr","locations":[{"start":{"line":138,"column":48},"end":{"line":138,"column":85},"skip":true},{"start":{"line":139,"column":12},"end":{"line":145,"column":13},"skip":true}]},"14":{"line":147,"type":"binary-expr","locations":[{"start":{"line":147,"column":42},"end":{"line":147,"column":73},"skip":true},{"start":{"line":147,"column":77},"end":{"line":156,"column":9},"skip":true}]},"15":{"line":158,"type":"binary-expr","locations":[{"start":{"line":158,"column":45},"end":{"line":158,"column":79},"skip":true},{"start":{"line":158,"column":83},"end":{"line":167,"column":9},"skip":true}]},"16":{"line":169,"type":"binary-expr","locations":[{"start":{"line":169,"column":43},"end":{"line":169,"column":75},"skip":true},{"start":{"line":169,"column":79},"end":{"line":178,"column":9},"skip":true}]},"17":{"line":180,"type":"binary-expr","locations":[{"start":{"line":180,"column":41},"end":{"line":180,"column":71},"skip":true},{"start":{"line":180,"column":75},"end":{"line":189,"column":9},"skip":true}]}},"code":["/* istanbul instrument in package npmtest_jsprim */","/*jslint","    bitwise: true,","    browser: true,","    maxerr: 8,","    maxlen: 96,","    node: true,","    nomen: true,","    regexp: true,","    stupid: true","*/","(function () {","    'use strict';","    var local;","","","","    // run shared js-env code - pre-init","    (function () {","        // init local","        local = {};","        // init modeJs","        local.modeJs = (function () {","            try {","                return typeof navigator.userAgent === 'string' &&","                    typeof document.querySelector('body') === 'object' &&","                    typeof XMLHttpRequest.prototype.open === 'function' &&","                    'browser';","            } catch (errorCaughtBrowser) {","                return module.exports &&","                    typeof process.versions.node === 'string' &&","                    typeof require('http').createServer === 'function' &&","                    'node';","            }","        }());","        // init global","        local.global = local.modeJs === 'browser'","            ? window","            : global;","        switch (local.modeJs) {","        // re-init local from window.local","        case 'browser':","            local = local.global.utility2.objectSetDefault(","                local.global.utility2_rollup || local.global.local,","                local.global.utility2","            );","            break;","        // re-init local from example.js","        case 'node':","            local = (local.global.utility2_rollup || require('utility2'))","                .requireReadme();","            break;","        }","        // export local","        local.global.local = local;","    }());","","","","    // run shared js-env code - function","    (function () {","        return;","    }());","    switch (local.modeJs) {","","","","    // run browser js-env code - function","    case 'browser':","        break;","","","","    // run node js-env code - function","    case 'node':","        break;","    }","","","","    // run shared js-env code - post-init","    (function () {","        return;","    }());","    switch (local.modeJs) {","","","","    // run browser js-env code - post-init","    case 'browser':","        local.testCase_browser_nullCase = local.testCase_browser_nullCase || function (","            options,","            onError","        ) {","        /*","         * this function will test browsers's null-case handling-behavior-behavior","         */","            onError(null, options);","        };","","        // run tests","        local.nop(local.modeTest &&","            document.querySelector('#testRunButton1') &&","            document.querySelector('#testRunButton1').click());","        break;","","","","    // run node js-env code - post-init","    /* istanbul ignore next */","    case 'node':","        local.testCase_buildApidoc_default = local.testCase_buildApidoc_default || function (","            options,","            onError","        ) {","        /*","         * this function will test buildApidoc's default handling-behavior-behavior","         */","            options = { modulePathList: module.paths };","            local.buildApidoc(options, onError);","        };","","        local.testCase_buildApp_default = local.testCase_buildApp_default || function (","            options,","            onError","        ) {","        /*","         * this function will test buildApp's default handling-behavior-behavior","         */","            local.testCase_buildReadme_default(options, local.onErrorThrow);","            local.testCase_buildLib_default(options, local.onErrorThrow);","            local.testCase_buildTest_default(options, local.onErrorThrow);","            local.testCase_buildCustomOrg_default(options, local.onErrorThrow);","            options = [];","            local.buildApp(options, onError);","        };","","        local.testCase_buildCustomOrg_default = local.testCase_buildCustomOrg_default ||","            function (options, onError) {","            /*","             * this function will test buildCustomOrg's default handling-behavior","             */","                options = {};","                local.buildCustomOrg(options, onError);","            };","","        local.testCase_buildLib_default = local.testCase_buildLib_default || function (","            options,","            onError","        ) {","        /*","         * this function will test buildLib's default handling-behavior","         */","            options = {};","            local.buildLib(options, onError);","        };","","        local.testCase_buildReadme_default = local.testCase_buildReadme_default || function (","            options,","            onError","        ) {","        /*","         * this function will test buildReadme's default handling-behavior-behavior","         */","            options = {};","            local.buildReadme(options, onError);","        };","","        local.testCase_buildTest_default = local.testCase_buildTest_default || function (","            options,","            onError","        ) {","        /*","         * this function will test buildTest's default handling-behavior","         */","            options = {};","            local.buildTest(options, onError);","        };","","        local.testCase_webpage_default = local.testCase_webpage_default || function (","            options,","            onError","        ) {","        /*","         * this function will test webpage's default handling-behavior","         */","            options = { modeCoverageMerge: true, url: local.serverLocalHost + '?modeTest=1' };","            local.browserTest(options, onError);","        };","","        // run test-server","        local.testRunServer(local);","        break;","    }","}());",""],"l":{"12":2,"14":2,"19":2,"21":2,"23":2,"24":2,"25":2,"30":1,"37":2,"40":2,"43":1,"47":1,"50":1,"52":1,"55":2,"61":2,"62":2,"64":2,"70":1,"76":1,"82":2,"83":2,"85":2,"91":1,"98":1,"102":1,"105":1,"112":1,"119":1,"120":1,"123":1,"130":1,"131":1,"132":1,"133":1,"134":1,"135":1,"138":1,"143":2,"144":2,"147":1,"154":2,"155":2,"158":1,"165":2,"166":2,"169":1,"176":2,"177":2,"180":1,"187":1,"188":1,"192":1,"193":1}},"/home/travis/build/npmtest/node-npmtest-jsprim/lib.npmtest_jsprim.js":{"path":"/home/travis/build/npmtest/node-npmtest-jsprim/lib.npmtest_jsprim.js","s":{"1":2,"2":2,"3":2,"4":2,"5":2,"6":2,"7":2,"8":1,"9":2,"10":2,"11":2,"12":2,"13":1,"14":1,"15":1,"16":1},"b":{"1":[2,1,1,1],"2":[1,1,1,1],"3":[1,1],"4":[2,2],"5":[1,1]},"f":{"1":2,"2":2,"3":2},"fnMap":{"1":{"name":"(anonymous_1)","line":12,"loc":{"start":{"line":12,"column":1},"end":{"line":12,"column":13}}},"2":{"name":"(anonymous_2)","line":19,"loc":{"start":{"line":19,"column":5},"end":{"line":19,"column":17}}},"3":{"name":"(anonymous_3)","line":23,"loc":{"start":{"line":23,"column":24},"end":{"line":23,"column":36}}}},"statementMap":{"1":{"start":{"line":12,"column":0},"end":{"line":53,"column":5}},"2":{"start":{"line":14,"column":4},"end":{"line":14,"column":14}},"3":{"start":{"line":19,"column":4},"end":{"line":52,"column":9}},"4":{"start":{"line":21,"column":8},"end":{"line":21,"column":19}},"5":{"start":{"line":23,"column":8},"end":{"line":35,"column":13}},"6":{"start":{"line":24,"column":12},"end":{"line":34,"column":13}},"7":{"start":{"line":25,"column":16},"end":{"line":28,"column":30}},"8":{"start":{"line":30,"column":16},"end":{"line":33,"column":27}},"9":{"start":{"line":37,"column":8},"end":{"line":39,"column":21}},"10":{"start":{"line":41,"column":8},"end":{"line":41,"column":54}},"11":{"start":{"line":43,"column":8},"end":{"line":43,"column":51}},"12":{"start":{"line":45,"column":8},"end":{"line":51,"column":9}},"13":{"start":{"line":46,"column":12},"end":{"line":46,"column":57}},"14":{"start":{"line":48,"column":12},"end":{"line":48,"column":35}},"15":{"start":{"line":49,"column":12},"end":{"line":49,"column":49}},"16":{"start":{"line":50,"column":12},"end":{"line":50,"column":43}}},"branchMap":{"1":{"line":25,"type":"binary-expr","locations":[{"start":{"line":25,"column":23},"end":{"line":25,"column":62}},{"start":{"line":26,"column":20},"end":{"line":26,"column":70}},{"start":{"line":27,"column":20},"end":{"line":27,"column":71}},{"start":{"line":28,"column":20},"end":{"line":28,"column":29}}]},"2":{"line":30,"type":"binary-expr","locations":[{"start":{"line":30,"column":23},"end":{"line":30,"column":37}},{"start":{"line":31,"column":20},"end":{"line":31,"column":61}},{"start":{"line":32,"column":20},"end":{"line":32,"column":70}},{"start":{"line":33,"column":20},"end":{"line":33,"column":26}}]},"3":{"line":37,"type":"cond-expr","locations":[{"start":{"line":38,"column":14},"end":{"line":38,"column":20}},{"start":{"line":39,"column":14},"end":{"line":39,"column":20}}]},"4":{"line":41,"type":"binary-expr","locations":[{"start":{"line":41,"column":16},"end":{"line":41,"column":44}},{"start":{"line":41,"column":48},"end":{"line":41,"column":53}}]},"5":{"line":45,"type":"if","locations":[{"start":{"line":45,"column":8},"end":{"line":45,"column":8}},{"start":{"line":45,"column":8},"end":{"line":45,"column":8}}]}},"code":["/* istanbul instrument in package npmtest_jsprim */","/*jslint","    bitwise: true,","    browser: true,","    maxerr: 8,","    maxlen: 96,","    node: true,","    nomen: true,","    regexp: true,","    stupid: true","*/","(function () {","    'use strict';","    var local;","","","","    // run shared js-env code - pre-init","    (function () {","        // init local","        local = {};","        // init modeJs","        local.modeJs = (function () {","            try {","                return typeof navigator.userAgent === 'string' &&","                    typeof document.querySelector('body') === 'object' &&","                    typeof XMLHttpRequest.prototype.open === 'function' &&","                    'browser';","            } catch (errorCaughtBrowser) {","                return module.exports &&","                    typeof process.versions.node === 'string' &&","                    typeof require('http').createServer === 'function' &&","                    'node';","            }","        }());","        // init global","        local.global = local.modeJs === 'browser'","            ? window","            : global;","        // init utility2_rollup","        local = local.global.utility2_rollup || local;","        // init lib","        local.local = local.npmtest_jsprim = local;","        // init exports","        if (local.modeJs === 'browser') {","            local.global.utility2_npmtest_jsprim = local;","        } else {","            module.exports = local;","            module.exports.__dirname = __dirname;","            module.exports.module = module;","        }","    }());","}());",""],"l":{"12":2,"14":2,"19":2,"21":2,"23":2,"24":2,"25":2,"30":1,"37":2,"41":2,"43":2,"45":2,"46":1,"48":1,"49":1,"50":1}},"/home/travis/build/npmtest/node-npmtest-jsprim/example.js":{"path":"/home/travis/build/npmtest/node-npmtest-jsprim/example.js","s":{"1":2,"2":2,"3":2,"4":2,"5":2,"6":2,"7":2,"8":1,"9":2,"10":2,"11":2,"12":2,"13":1,"14":2,"15":2,"16":2,"17":2,"18":2,"19":0,"20":2,"21":1,"22":1,"23":1,"24":1,"25":1,"26":0,"27":0,"28":1,"29":1,"30":2,"31":0,"32":0,"33":0,"34":1,"35":2,"36":2,"37":3,"38":3,"39":3,"40":3,"41":0,"42":3,"43":3,"44":3,"45":1,"46":3,"47":1,"48":1,"49":1,"50":1,"51":1,"52":1,"53":1,"54":1,"55":1,"56":1,"57":0,"58":1,"59":6,"60":6,"61":1,"62":2,"63":0,"64":2,"65":1,"66":1,"67":0,"68":0,"69":0,"70":0,"71":0,"72":0,"73":0,"74":0,"75":0,"76":0,"77":0,"78":0,"79":0,"80":0,"81":0,"82":0,"83":0},"b":{"1":[2,1,1,1],"2":[1,1,1,1],"3":[1,1],"4":[2,2],"5":[1,1],"6":[1,1],"7":[2,0],"8":[2,1,1,1,1,1],"9":[0,2,0],"10":[1,1],"11":[2,1,1],"12":[1,0],"13":[0,2],"14":[2,0,0,0,0,0,0],"15":[0,3],"16":[3,0],"17":[1,1],"18":[0,1],"19":[1,2,0,2],"20":[1,0],"21":[1,1],"22":[0,0],"23":[0,0],"24":[0,0],"25":[0,0],"26":[0,0],"27":[0,0],"28":[0,0]},"f":{"1":2,"2":2,"3":2,"4":2,"5":2,"6":2,"7":3,"8":3,"9":3,"10":1,"11":6,"12":0},"fnMap":{"1":{"name":"(anonymous_1)","line":26,"loc":{"start":{"line":26,"column":1},"end":{"line":26,"column":13}}},"2":{"name":"(anonymous_2)","line":33,"loc":{"start":{"line":33,"column":5},"end":{"line":33,"column":17}}},"3":{"name":"(anonymous_3)","line":37,"loc":{"start":{"line":37,"column":24},"end":{"line":37,"column":36}}},"4":{"name":"(anonymous_4)","line":69,"loc":{"start":{"line":69,"column":31},"end":{"line":69,"column":48}},"skip":true},"5":{"name":"(anonymous_5)","line":78,"loc":{"start":{"line":78,"column":26},"end":{"line":78,"column":45}},"skip":true},"6":{"name":"(anonymous_6)","line":123,"loc":{"start":{"line":123,"column":33},"end":{"line":123,"column":48}},"skip":true},"7":{"name":"(anonymous_7)","line":125,"loc":{"start":{"line":125,"column":27},"end":{"line":125,"column":39}},"skip":true},"8":{"name":"(anonymous_8)","line":133,"loc":{"start":{"line":133,"column":59},"end":{"line":133,"column":74}},"skip":true},"9":{"name":"(anonymous_9)","line":143,"loc":{"start":{"line":143,"column":45},"end":{"line":143,"column":62}},"skip":true},"10":{"name":"(anonymous_10)","line":144,"loc":{"start":{"line":144,"column":73},"end":{"line":144,"column":92}},"skip":true},"11":{"name":"(anonymous_11)","line":272,"loc":{"start":{"line":272,"column":51},"end":{"line":272,"column":77}},"skip":true},"12":{"name":"(anonymous_12)","line":315,"loc":{"start":{"line":315,"column":32},"end":{"line":315,"column":61}},"skip":true}},"statementMap":{"1":{"start":{"line":26,"column":0},"end":{"line":326,"column":5}},"2":{"start":{"line":28,"column":4},"end":{"line":28,"column":14}},"3":{"start":{"line":33,"column":4},"end":{"line":60,"column":9}},"4":{"start":{"line":35,"column":8},"end":{"line":35,"column":19}},"5":{"start":{"line":37,"column":8},"end":{"line":49,"column":13}},"6":{"start":{"line":38,"column":12},"end":{"line":48,"column":13}},"7":{"start":{"line":39,"column":16},"end":{"line":42,"column":30}},"8":{"start":{"line":44,"column":16},"end":{"line":47,"column":27}},"9":{"start":{"line":51,"column":8},"end":{"line":53,"column":21}},"10":{"start":{"line":55,"column":8},"end":{"line":57,"column":45}},"11":{"start":{"line":59,"column":8},"end":{"line":59,"column":35}},"12":{"start":{"line":61,"column":4},"end":{"line":325,"column":5}},"13":{"start":{"line":69,"column":8},"end":{"line":121,"column":10},"skip":true},"14":{"start":{"line":70,"column":12},"end":{"line":88,"column":13},"skip":true},"15":{"start":{"line":76,"column":16},"end":{"line":87,"column":19},"skip":true},"16":{"start":{"line":79,"column":20},"end":{"line":86,"column":21},"skip":true},"17":{"start":{"line":82,"column":24},"end":{"line":82,"column":43},"skip":true},"18":{"start":{"line":83,"column":24},"end":{"line":83,"column":30},"skip":true},"19":{"start":{"line":85,"column":24},"end":{"line":85,"column":49},"skip":true},"20":{"start":{"line":89,"column":12},"end":{"line":107,"column":13},"skip":true},"21":{"start":{"line":92,"column":16},"end":{"line":102,"column":17},"skip":true},"22":{"start":{"line":93,"column":20},"end":{"line":93,"column":86},"skip":true},"23":{"start":{"line":94,"column":20},"end":{"line":95,"column":45},"skip":true},"24":{"start":{"line":96,"column":20},"end":{"line":96,"column":42},"skip":true},"25":{"start":{"line":97,"column":20},"end":{"line":97,"column":48},"skip":true},"26":{"start":{"line":100,"column":20},"end":{"line":100,"column":85},"skip":true},"27":{"start":{"line":101,"column":20},"end":{"line":101,"column":96},"skip":true},"28":{"start":{"line":103,"column":16},"end":{"line":103,"column":22},"skip":true},"29":{"start":{"line":106,"column":16},"end":{"line":106,"column":22},"skip":true},"30":{"start":{"line":108,"column":12},"end":{"line":120,"column":13},"skip":true},"31":{"start":{"line":114,"column":16},"end":{"line":119,"column":17},"skip":true},"32":{"start":{"line":116,"column":20},"end":{"line":116,"column":78},"skip":true},"33":{"start":{"line":118,"column":20},"end":{"line":118,"column":47},"skip":true},"34":{"start":{"line":123,"column":8},"end":{"line":141,"column":11},"skip":true},"35":{"start":{"line":124,"column":12},"end":{"line":124,"column":54},"skip":true},"36":{"start":{"line":125,"column":12},"end":{"line":140,"column":14},"skip":true},"37":{"start":{"line":126,"column":16},"end":{"line":126,"column":28},"skip":true},"38":{"start":{"line":127,"column":16},"end":{"line":127,"column":69},"skip":true},"39":{"start":{"line":128,"column":16},"end":{"line":128,"column":75},"skip":true},"40":{"start":{"line":129,"column":16},"end":{"line":131,"column":17},"skip":true},"41":{"start":{"line":130,"column":20},"end":{"line":130,"column":27},"skip":true},"42":{"start":{"line":133,"column":16},"end":{"line":137,"column":36},"skip":true},"43":{"start":{"line":134,"column":20},"end":{"line":136,"column":55},"skip":true},"44":{"start":{"line":139,"column":16},"end":{"line":139,"column":57},"skip":true},"45":{"start":{"line":143,"column":8},"end":{"line":147,"column":11},"skip":true},"46":{"start":{"line":144,"column":12},"end":{"line":146,"column":15},"skip":true},"47":{"start":{"line":145,"column":16},"end":{"line":145,"column":70},"skip":true},"48":{"start":{"line":149,"column":8},"end":{"line":149,"column":31},"skip":true},"49":{"start":{"line":150,"column":8},"end":{"line":150,"column":14},"skip":true},"50":{"start":{"line":158,"column":8},"end":{"line":158,"column":31},"skip":true},"51":{"start":{"line":160,"column":8},"end":{"line":160,"column":33},"skip":true},"52":{"start":{"line":161,"column":8},"end":{"line":161,"column":37},"skip":true},"53":{"start":{"line":162,"column":8},"end":{"line":162,"column":35},"skip":true},"54":{"start":{"line":164,"column":8},"end":{"line":164,"column":50},"skip":true},"55":{"start":{"line":166,"column":8},"end":{"line":256,"column":2},"skip":true},"56":{"start":{"line":258,"column":8},"end":{"line":286,"column":9},"skip":true},"57":{"start":{"line":259,"column":12},"end":{"line":269,"column":14},"skip":true},"58":{"start":{"line":271,"column":12},"end":{"line":285,"column":19},"skip":true},"59":{"start":{"line":274,"column":20},"end":{"line":274,"column":35},"skip":true},"60":{"start":{"line":275,"column":20},"end":{"line":284,"column":21},"skip":true},"61":{"start":{"line":277,"column":24},"end":{"line":277,"column":64},"skip":true},"62":{"start":{"line":279,"column":24},"end":{"line":279,"column":40},"skip":true},"63":{"start":{"line":281,"column":24},"end":{"line":281,"column":40},"skip":true},"64":{"start":{"line":283,"column":24},"end":{"line":283,"column":39},"skip":true},"65":{"start":{"line":288,"column":8},"end":{"line":290,"column":9},"skip":true},"66":{"start":{"line":289,"column":12},"end":{"line":289,"column":18},"skip":true},"67":{"start":{"line":291,"column":8},"end":{"line":293,"column":54},"skip":true},"68":{"start":{"line":296,"column":8},"end":{"line":301,"column":37},"skip":true},"69":{"start":{"line":303,"column":8},"end":{"line":303,"column":82},"skip":true},"70":{"start":{"line":306,"column":8},"end":{"line":308,"column":9},"skip":true},"71":{"start":{"line":307,"column":12},"end":{"line":307,"column":82},"skip":true},"72":{"start":{"line":310,"column":8},"end":{"line":312,"column":9},"skip":true},"73":{"start":{"line":311,"column":12},"end":{"line":311,"column":18},"skip":true},"74":{"start":{"line":313,"column":8},"end":{"line":313,"column":54},"skip":true},"75":{"start":{"line":314,"column":8},"end":{"line":314,"column":69},"skip":true},"76":{"start":{"line":315,"column":8},"end":{"line":323,"column":36},"skip":true},"77":{"start":{"line":316,"column":12},"end":{"line":316,"column":61},"skip":true},"78":{"start":{"line":317,"column":12},"end":{"line":320,"column":13},"skip":true},"79":{"start":{"line":318,"column":16},"end":{"line":318,"column":75},"skip":true},"80":{"start":{"line":319,"column":16},"end":{"line":319,"column":23},"skip":true},"81":{"start":{"line":321,"column":12},"end":{"line":321,"column":38},"skip":true},"82":{"start":{"line":322,"column":12},"end":{"line":322,"column":27},"skip":true},"83":{"start":{"line":324,"column":8},"end":{"line":324,"column":14},"skip":true}},"branchMap":{"1":{"line":39,"type":"binary-expr","locations":[{"start":{"line":39,"column":23},"end":{"line":39,"column":62}},{"start":{"line":40,"column":20},"end":{"line":40,"column":70}},{"start":{"line":41,"column":20},"end":{"line":41,"column":71}},{"start":{"line":42,"column":20},"end":{"line":42,"column":29}}]},"2":{"line":44,"type":"binary-expr","locations":[{"start":{"line":44,"column":23},"end":{"line":44,"column":37}},{"start":{"line":45,"column":20},"end":{"line":45,"column":61}},{"start":{"line":46,"column":20},"end":{"line":46,"column":70}},{"start":{"line":47,"column":20},"end":{"line":47,"column":26}}]},"3":{"line":51,"type":"cond-expr","locations":[{"start":{"line":52,"column":14},"end":{"line":52,"column":20}},{"start":{"line":53,"column":14},"end":{"line":53,"column":20}}]},"4":{"line":55,"type":"binary-expr","locations":[{"start":{"line":55,"column":16},"end":{"line":55,"column":44}},{"start":{"line":55,"column":49},"end":{"line":57,"column":43}}]},"5":{"line":55,"type":"cond-expr","locations":[{"start":{"line":56,"column":14},"end":{"line":56,"column":50}},{"start":{"line":57,"column":14},"end":{"line":57,"column":43}}]},"6":{"line":61,"type":"switch","locations":[{"start":{"line":68,"column":4},"end":{"line":150,"column":14},"skip":true},{"start":{"line":156,"column":4},"end":{"line":324,"column":14},"skip":true}]},"7":{"line":70,"type":"if","locations":[{"start":{"line":70,"column":12},"end":{"line":70,"column":12},"skip":true},{"start":{"line":70,"column":12},"end":{"line":70,"column":12},"skip":true}]},"8":{"line":70,"type":"binary-expr","locations":[{"start":{"line":70,"column":16},"end":{"line":70,"column":22},"skip":true},{"start":{"line":70,"column":27},"end":{"line":70,"column":32},"skip":true},{"start":{"line":71,"column":20},"end":{"line":71,"column":39},"skip":true},{"start":{"line":72,"column":20},"end":{"line":72,"column":49},"skip":true},{"start":{"line":73,"column":20},"end":{"line":73,"column":58},"skip":true},{"start":{"line":74,"column":20},"end":{"line":74,"column":69},"skip":true}]},"9":{"line":79,"type":"switch","locations":[{"start":{"line":80,"column":20},"end":{"line":80,"column":33},"skip":true},{"start":{"line":81,"column":20},"end":{"line":83,"column":30},"skip":true},{"start":{"line":84,"column":20},"end":{"line":85,"column":49},"skip":true}]},"10":{"line":89,"type":"switch","locations":[{"start":{"line":90,"column":12},"end":{"line":103,"column":22},"skip":true},{"start":{"line":105,"column":12},"end":{"line":106,"column":22},"skip":true}]},"11":{"line":89,"type":"binary-expr","locations":[{"start":{"line":89,"column":20},"end":{"line":89,"column":25},"skip":true},{"start":{"line":89,"column":29},"end":{"line":89,"column":48},"skip":true},{"start":{"line":89,"column":52},"end":{"line":89,"column":74},"skip":true}]},"12":{"line":92,"type":"if","locations":[{"start":{"line":92,"column":16},"end":{"line":92,"column":16},"skip":true},{"start":{"line":92,"column":16},"end":{"line":92,"column":16},"skip":true}]},"13":{"line":108,"type":"if","locations":[{"start":{"line":108,"column":12},"end":{"line":108,"column":12},"skip":true},{"start":{"line":108,"column":12},"end":{"line":108,"column":12},"skip":true}]},"14":{"line":108,"type":"binary-expr","locations":[{"start":{"line":108,"column":16},"end":{"line":108,"column":61},"skip":true},{"start":{"line":108,"column":66},"end":{"line":108,"column":72},"skip":true},{"start":{"line":108,"column":77},"end":{"line":108,"column":82},"skip":true},{"start":{"line":109,"column":20},"end":{"line":109,"column":39},"skip":true},{"start":{"line":110,"column":20},"end":{"line":110,"column":49},"skip":true},{"start":{"line":111,"column":20},"end":{"line":111,"column":58},"skip":true},{"start":{"line":112,"column":20},"end":{"line":112,"column":68},"skip":true}]},"15":{"line":129,"type":"if","locations":[{"start":{"line":129,"column":16},"end":{"line":129,"column":16},"skip":true},{"start":{"line":129,"column":16},"end":{"line":129,"column":16},"skip":true}]},"16":{"line":134,"type":"cond-expr","locations":[{"start":{"line":135,"column":26},"end":{"line":135,"column":29},"skip":true},{"start":{"line":136,"column":26},"end":{"line":136,"column":54},"skip":true}]},"17":{"line":164,"type":"binary-expr","locations":[{"start":{"line":164,"column":27},"end":{"line":164,"column":43},"skip":true},{"start":{"line":164,"column":47},"end":{"line":164,"column":49},"skip":true}]},"18":{"line":258,"type":"if","locations":[{"start":{"line":258,"column":8},"end":{"line":258,"column":8},"skip":true},{"start":{"line":258,"column":8},"end":{"line":258,"column":8},"skip":true}]},"19":{"line":275,"type":"switch","locations":[{"start":{"line":276,"column":20},"end":{"line":277,"column":64},"skip":true},{"start":{"line":278,"column":20},"end":{"line":279,"column":40},"skip":true},{"start":{"line":280,"column":20},"end":{"line":281,"column":40},"skip":true},{"start":{"line":282,"column":20},"end":{"line":283,"column":39},"skip":true}]},"20":{"line":288,"type":"if","locations":[{"start":{"line":288,"column":8},"end":{"line":288,"column":8},"skip":true},{"start":{"line":288,"column":8},"end":{"line":288,"column":8},"skip":true}]},"21":{"line":288,"type":"binary-expr","locations":[{"start":{"line":288,"column":12},"end":{"line":288,"column":40},"skip":true},{"start":{"line":288,"column":44},"end":{"line":288,"column":67},"skip":true}]},"22":{"line":292,"type":"binary-expr","locations":[{"start":{"line":292,"column":12},"end":{"line":292,"column":50},"skip":true},{"start":{"line":293,"column":12},"end":{"line":293,"column":53},"skip":true}]},"23":{"line":297,"type":"binary-expr","locations":[{"start":{"line":297,"column":12},"end":{"line":297,"column":64},"skip":true},{"start":{"line":298,"column":12},"end":{"line":301,"column":36},"skip":true}]},"24":{"line":303,"type":"binary-expr","locations":[{"start":{"line":303,"column":43},"end":{"line":303,"column":75},"skip":true},{"start":{"line":303,"column":79},"end":{"line":303,"column":81},"skip":true}]},"25":{"line":306,"type":"if","locations":[{"start":{"line":306,"column":8},"end":{"line":306,"column":8},"skip":true},{"start":{"line":306,"column":8},"end":{"line":306,"column":8},"skip":true}]},"26":{"line":310,"type":"if","locations":[{"start":{"line":310,"column":8},"end":{"line":310,"column":8},"skip":true},{"start":{"line":310,"column":8},"end":{"line":310,"column":8},"skip":true}]},"27":{"line":313,"type":"binary-expr","locations":[{"start":{"line":313,"column":27},"end":{"line":313,"column":43},"skip":true},{"start":{"line":313,"column":47},"end":{"line":313,"column":53},"skip":true}]},"28":{"line":317,"type":"if","locations":[{"start":{"line":317,"column":12},"end":{"line":317,"column":12},"skip":true},{"start":{"line":317,"column":12},"end":{"line":317,"column":12},"skip":true}]}},"code":["/*","example.js","","quickstart example","","instruction","    1. save this script as example.js","    2. run the shell command:","        $ npm install npmtest-jsprim && PORT=8081 node example.js","    3. play with the browser-demo on http://127.0.0.1:8081","*/","","","","/* istanbul instrument in package npmtest_jsprim */","/*jslint","    bitwise: true,","    browser: true,","    maxerr: 8,","    maxlen: 96,","    node: true,","    nomen: true,","    regexp: true,","    stupid: true","*/","(function () {","    'use strict';","    var local;","","","","    // run shared js-env code - pre-init","    (function () {","        // init local","        local = {};","        // init modeJs","        local.modeJs = (function () {","            try {","                return typeof navigator.userAgent === 'string' &&","                    typeof document.querySelector('body') === 'object' &&","                    typeof XMLHttpRequest.prototype.open === 'function' &&","                    'browser';","            } catch (errorCaughtBrowser) {","                return module.exports &&","                    typeof process.versions.node === 'string' &&","                    typeof require('http').createServer === 'function' &&","                    'node';","            }","        }());","        // init global","        local.global = local.modeJs === 'browser'","            ? window","            : global;","        // init utility2_rollup","        local = local.global.utility2_rollup || (local.modeJs === 'browser'","            ? local.global.utility2_npmtest_jsprim","            : global.utility2_moduleExports);","        // export local","        local.global.local = local;","    }());","    switch (local.modeJs) {","","","","    // post-init","    // run browser js-env code - post-init","    /* istanbul ignore next */","    case 'browser':","        local.testRunBrowser = function (event) {","            if (!event || (event &&","                    event.currentTarget &&","                    event.currentTarget.className &&","                    event.currentTarget.className.includes &&","                    event.currentTarget.className.includes('onreset'))) {","                // reset output","                Array.from(","                    document.querySelectorAll('body > .resettable')","                ).forEach(function (element) {","                    switch (element.tagName) {","                    case 'INPUT':","                    case 'TEXTAREA':","                        element.value = '';","                        break;","                    default:","                        element.textContent = '';","                    }","                });","            }","            switch (event && event.currentTarget && event.currentTarget.id) {","            case 'testRunButton1':","                // show tests","                if (document.querySelector('#testReportDiv1').style.display === 'none') {","                    document.querySelector('#testReportDiv1').style.display = 'block';","                    document.querySelector('#testRunButton1').textContent =","                        'hide internal test';","                    local.modeTest = true;","                    local.testRunDefault(local);","                // hide tests","                } else {","                    document.querySelector('#testReportDiv1').style.display = 'none';","                    document.querySelector('#testRunButton1').textContent = 'run internal test';","                }","                break;","            // custom-case","            default:","                break;","            }","            if (document.querySelector('#inputTextareaEval1') && (!event || (event &&","                    event.currentTarget &&","                    event.currentTarget.className &&","                    event.currentTarget.className.includes &&","                    event.currentTarget.className.includes('oneval')))) {","                // try to eval input-code","                try {","                    /*jslint evil: true*/","                    eval(document.querySelector('#inputTextareaEval1').value);","                } catch (errorCaught) {","                    console.error(errorCaught);","                }","            }","        };","        // log stderr and stdout to #outputTextareaStdout1","        ['error', 'log'].forEach(function (key) {","            console[key + '_original'] = console[key];","            console[key] = function () {","                var element;","                console[key + '_original'].apply(console, arguments);","                element = document.querySelector('#outputTextareaStdout1');","                if (!element) {","                    return;","                }","                // append text to #outputTextareaStdout1","                element.value += Array.from(arguments).map(function (arg) {","                    return typeof arg === 'string'","                        ? arg","                        : JSON.stringify(arg, null, 4);","                }).join(' ') + '\\n';","                // scroll textarea to bottom","                element.scrollTop = element.scrollHeight;","            };","        });","        // init event-handling","        ['change', 'click', 'keyup'].forEach(function (event) {","            Array.from(document.querySelectorAll('.on' + event)).forEach(function (element) {","                element.addEventListener(event, local.testRunBrowser);","            });","        });","        // run tests","        local.testRunBrowser();","        break;","","","","    // run node js-env code - post-init","    /* istanbul ignore next */","    case 'node':","        // export local","        module.exports = local;","        // require modules","        local.fs = require('fs');","        local.http = require('http');","        local.url = require('url');","        // init assets","        local.assetsDict = local.assetsDict || {};","        /* jslint-ignore-begin */","        local.assetsDict['/assets.index.template.html'] = '\\","<!doctype html>\\n\\","<html lang=\"en\">\\n\\","<head>\\n\\","<meta charset=\"UTF-8\">\\n\\","<meta name=\"viewport\" content=\"width=device-width, initial-scale=1\">\\n\\","<title>{{env.npm_package_name}} (v{{env.npm_package_version}})</title>\\n\\","<style>\\n\\","/*csslint\\n\\","    box-sizing: false,\\n\\","    universal-selector: false\\n\\","*/\\n\\","* {\\n\\","    box-sizing: border-box;\\n\\","}\\n\\","body {\\n\\","    background: #dde;\\n\\","    font-family: Arial, Helvetica, sans-serif;\\n\\","    margin: 2rem;\\n\\","}\\n\\","body > * {\\n\\","    margin-bottom: 1rem;\\n\\","}\\n\\",".utility2FooterDiv {\\n\\","    margin-top: 20px;\\n\\","    text-align: center;\\n\\","}\\n\\","</style>\\n\\","<style>\\n\\","/*csslint\\n\\","*/\\n\\","textarea {\\n\\","    font-family: monospace;\\n\\","    height: 10rem;\\n\\","    width: 100%;\\n\\","}\\n\\","textarea[readonly] {\\n\\","    background: #ddd;\\n\\","}\\n\\","</style>\\n\\","</head>\\n\\","<body>\\n\\","<!-- utility2-comment\\n\\","<div id=\"ajaxProgressDiv1\" style=\"background: #d00; height: 2px; left: 0; margin: 0; padding: 0; position: fixed; top: 0; transition: background 0.5s, width 1.5s; width: 25%;\"></div>\\n\\","utility2-comment -->\\n\\","<h1>\\n\\","<!-- utility2-comment\\n\\","    <a\\n\\","        {{#if env.npm_package_homepage}}\\n\\","        href=\"{{env.npm_package_homepage}}\"\\n\\","        {{/if env.npm_package_homepage}}\\n\\","        target=\"_blank\"\\n\\","    >\\n\\","utility2-comment -->\\n\\","        {{env.npm_package_name}} (v{{env.npm_package_version}})\\n\\","<!-- utility2-comment\\n\\","    </a>\\n\\","utility2-comment -->\\n\\","</h1>\\n\\","<h3>{{env.npm_package_description}}</h3>\\n\\","<!-- utility2-comment\\n\\","<h4><a download href=\"assets.app.js\">download standalone app</a></h4>\\n\\","<button class=\"onclick onreset\" id=\"testRunButton1\">run internal test</button><br>\\n\\","<div id=\"testReportDiv1\" style=\"display: none;\"></div>\\n\\","utility2-comment -->\\n\\","\\n\\","\\n\\","\\n\\","<label>stderr and stdout</label>\\n\\","<textarea class=\"resettable\" id=\"outputTextareaStdout1\" readonly></textarea>\\n\\","<!-- utility2-comment\\n\\","{{#if isRollup}}\\n\\","<script src=\"assets.app.js\"></script>\\n\\","{{#unless isRollup}}\\n\\","utility2-comment -->\\n\\","<script src=\"assets.utility2.rollup.js\"></script>\\n\\","<script src=\"jsonp.utility2._stateInit?callback=window.utility2._stateInit\"></script>\\n\\","<script src=\"assets.npmtest_jsprim.rollup.js\"></script>\\n\\","<script src=\"assets.example.js\"></script>\\n\\","<script src=\"assets.test.js\"></script>\\n\\","<!-- utility2-comment\\n\\","{{/if isRollup}}\\n\\","utility2-comment -->\\n\\","<div class=\"utility2FooterDiv\">\\n\\","    [ this app was created with\\n\\","    <a href=\"https://github.com/kaizhu256/node-utility2\" target=\"_blank\">utility2</a>\\n\\","    ]\\n\\","</div>\\n\\","</body>\\n\\","</html>\\n\\","';","        /* jslint-ignore-end */","        if (local.templateRender) {","            local.assetsDict['/'] = local.templateRender(","                local.assetsDict['/assets.index.template.html'],","                {","                    env: local.objectSetDefault(local.env, {","                        npm_package_description: 'the greatest app in the world!',","                        npm_package_name: 'my-app',","                        npm_package_nameAlias: 'my_app',","                        npm_package_version: '0.0.1'","                    })","                }","            );","        } else {","            local.assetsDict['/'] = local.assetsDict['/assets.index.template.html']","                .replace((/\\{\\{env\\.(\\w+?)\\}\\}/g), function (match0, match1) {","                    // jslint-hack","                    String(match0);","                    switch (match1) {","                    case 'npm_package_description':","                        return 'the greatest app in the world!';","                    case 'npm_package_name':","                        return 'my-app';","                    case 'npm_package_nameAlias':","                        return 'my_app';","                    case 'npm_package_version':","                        return '0.0.1';","                    }","                });","        }","        // run the cli","        if (local.global.utility2_rollup || module !== require.main) {","            break;","        }","        local.assetsDict['/assets.example.js'] =","            local.assetsDict['/assets.example.js'] ||","            local.fs.readFileSync(__filename, 'utf8');","        // bug-workaround - long $npm_package_buildCustomOrg","        /* jslint-ignore-begin */","        local.assetsDict['/assets.npmtest_jsprim.rollup.js'] =","            local.assetsDict['/assets.npmtest_jsprim.rollup.js'] ||","            local.fs.readFileSync(","                local.npmtest_jsprim.__dirname + '/lib.npmtest_jsprim.js',","                'utf8'","            ).replace((/^#!/), '//');","        /* jslint-ignore-end */","        local.assetsDict['/favicon.ico'] = local.assetsDict['/favicon.ico'] || '';","        // if $npm_config_timeout_exit exists,","        // then exit this process after $npm_config_timeout_exit ms","        if (Number(process.env.npm_config_timeout_exit)) {","            setTimeout(process.exit, Number(process.env.npm_config_timeout_exit));","        }","        // start server","        if (local.global.utility2_serverHttp1) {","            break;","        }","        process.env.PORT = process.env.PORT || '8081';","        console.error('server starting on port ' + process.env.PORT);","        local.http.createServer(function (request, response) {","            request.urlParsed = local.url.parse(request.url);","            if (local.assetsDict[request.urlParsed.pathname] !== undefined) {","                response.end(local.assetsDict[request.urlParsed.pathname]);","                return;","            }","            response.statusCode = 404;","            response.end();","        }).listen(process.env.PORT);","        break;","    }","}());",""],"l":{"26":2,"28":2,"33":2,"35":2,"37":2,"38":2,"39":2,"44":1,"51":2,"55":2,"59":2,"61":2,"69":1,"70":2,"76":2,"79":2,"82":2,"83":2,"85":1,"89":2,"92":1,"93":1,"94":1,"96":1,"97":1,"100":1,"101":1,"103":1,"106":1,"108":2,"114":1,"116":1,"118":1,"123":1,"124":2,"125":2,"126":3,"127":3,"128":3,"129":3,"130":1,"133":3,"134":3,"139":3,"143":1,"144":3,"145":1,"149":1,"150":1,"158":1,"160":1,"161":1,"162":1,"164":1,"166":1,"258":1,"259":1,"271":1,"274":6,"275":6,"277":1,"279":2,"281":1,"283":2,"288":1,"289":1,"291":1,"296":1,"303":1,"306":1,"307":1,"310":1,"311":1,"313":1,"314":1,"315":1,"316":1,"317":1,"318":1,"319":1,"321":1,"322":1,"324":1}},"/home/travis/build/npmtest/node-npmtest-jsprim/node_modules/jsprim/lib/jsprim.js":{"path":"/home/travis/build/npmtest/node-npmtest-jsprim/node_modules/jsprim/lib/jsprim.js","s":{"1":1,"2":1,"3":1,"4":1,"5":1,"6":1,"7":1,"8":1,"9":1,"10":1,"11":1,"12":1,"13":1,"14":1,"15":1,"16":1,"17":1,"18":1,"19":1,"20":1,"21":1,"22":1,"23":1,"24":1,"25":1,"26":1,"27":1,"28":1,"29":1,"30":1,"31":1,"32":1,"33":0,"34":0,"35":0,"36":0,"37":0,"38":0,"39":0,"40":0,"41":0,"42":0,"43":0,"44":0,"45":0,"46":0,"47":0,"48":0,"49":0,"50":0,"51":0,"52":0,"53":0,"54":1,"55":0,"56":0,"57":0,"58":0,"59":0,"60":0,"61":0,"62":0,"63":0,"64":0,"65":0,"66":0,"67":0,"68":0,"69":0,"70":0,"71":1,"72":0,"73":0,"74":0,"75":0,"76":1,"77":0,"78":0,"79":1,"80":0,"81":0,"82":0,"83":1,"84":0,"85":0,"86":1,"87":0,"88":0,"89":0,"90":0,"91":0,"92":0,"93":0,"94":0,"95":0,"96":0,"97":0,"98":1,"99":0,"100":1,"101":0,"102":0,"103":0,"104":0,"105":0,"106":0,"107":0,"108":0,"109":0,"110":0,"111":0,"112":0,"113":0,"114":0,"115":0,"116":1,"117":0,"118":0,"119":0,"120":0,"121":0,"122":0,"123":0,"124":0,"125":0,"126":0,"127":0,"128":0,"129":1,"130":0,"131":1,"132":0,"133":1,"134":0,"135":0,"136":0,"137":0,"138":1,"139":1,"140":1,"141":0,"142":1,"143":0,"144":0,"145":0,"146":0,"147":1,"148":1,"149":1,"150":1,"151":1,"152":1,"153":1,"154":1,"155":1,"156":1,"157":1,"158":1,"159":1,"160":1,"161":1,"162":1,"163":1,"164":1,"165":1,"166":1,"167":1,"168":0,"169":0,"170":0,"171":0,"172":0,"173":0,"174":0,"175":0,"176":0,"177":0,"178":0,"179":0,"180":0,"181":0,"182":0,"183":0,"184":0,"185":0,"186":0,"187":0,"188":0,"189":0,"190":0,"191":0,"192":0,"193":0,"194":0,"195":0,"196":0,"197":0,"198":0,"199":0,"200":0,"201":0,"202":0,"203":0,"204":0,"205":0,"206":0,"207":0,"208":0,"209":0,"210":0,"211":0,"212":0,"213":0,"214":0,"215":0,"216":0,"217":0,"218":0,"219":0,"220":0,"221":0,"222":0,"223":0,"224":0,"225":0,"226":0,"227":0,"228":0,"229":0,"230":1,"231":0,"232":0,"233":0,"234":0,"235":0,"236":0,"237":0,"238":1,"239":0,"240":1,"241":0,"242":0,"243":0,"244":0,"245":0,"246":0,"247":0,"248":0,"249":0,"250":1,"251":0,"252":0,"253":0,"254":0,"255":0,"256":0,"257":0,"258":0,"259":0,"260":0,"261":0,"262":0,"263":0,"264":0,"265":0,"266":0,"267":1,"268":0,"269":0,"270":1,"271":0,"272":0,"273":1,"274":0,"275":0,"276":0,"277":0,"278":0,"279":0,"280":0,"281":0,"282":0,"283":1,"284":0,"285":0,"286":1,"287":0,"288":0,"289":1,"290":0,"291":0,"292":1,"293":0,"294":0,"295":0,"296":0,"297":0,"298":0,"299":0,"300":0,"301":1,"302":0,"303":0,"304":0,"305":1,"306":0,"307":0,"308":0,"309":0,"310":0,"311":0,"312":1,"313":0,"314":0,"315":0,"316":0,"317":0,"318":0,"319":0,"320":0,"321":0,"322":0,"323":0,"324":0},"b":{"1":[0,0],"2":[0,0],"3":[0,0],"4":[0,0],"5":[0,0],"6":[0,0],"7":[0,0],"8":[0,0],"9":[0,0],"10":[0,0,0],"11":[0,0],"12":[0,0],"13":[0,0],"14":[0,0],"15":[0,0],"16":[0,0],"17":[0,0],"18":[0,0],"19":[0,0],"20":[0,0],"21":[0,0],"22":[0,0],"23":[0,0],"24":[0,0],"25":[1,0],"26":[1,0],"27":[0,0],"28":[0,0],"29":[0,0],"30":[0,0],"31":[0,0],"32":[0,0],"33":[0,0],"34":[0,0],"35":[0,0],"36":[0,0],"37":[0,0,0],"38":[0,0],"39":[0,0],"40":[0,0],"41":[0,0],"42":[0,0],"43":[0,0],"44":[0,0],"45":[0,0],"46":[0,0],"47":[0,0],"48":[0,0],"49":[0,0,0],"50":[0,0],"51":[0,0],"52":[0,0],"53":[0,0],"54":[0,0],"55":[0,0],"56":[0,0,0,0,0,0,0,0,0,0,0,0,0,0],"57":[0,0],"58":[0,0],"59":[0,0],"60":[0,0],"61":[0,0],"62":[0,0],"63":[0,0],"64":[0,0],"65":[0,0],"66":[0,0],"67":[0,0],"68":[0,0],"69":[0,0],"70":[0,0],"71":[0,0,0],"72":[0,0],"73":[0,0],"74":[0,0],"75":[0,0],"76":[0,0],"77":[0,0]},"f":{"1":0,"2":0,"3":0,"4":0,"5":0,"6":0,"7":0,"8":0,"9":0,"10":0,"11":0,"12":0,"13":0,"14":0,"15":0,"16":0,"17":0,"18":0,"19":0,"20":0,"21":0,"22":0,"23":0,"24":0,"25":0,"26":0,"27":0,"28":0,"29":0,"30":0,"31":0,"32":0},"fnMap":{"1":{"name":"deepCopy","line":52,"loc":{"start":{"line":52,"column":0},"end":{"line":53,"column":0}}},"2":{"name":"deepEqual","line":92,"loc":{"start":{"line":92,"column":0},"end":{"line":93,"column":0}}},"3":{"name":"isEmpty","line":120,"loc":{"start":{"line":120,"column":0},"end":{"line":121,"column":0}}},"4":{"name":"hasKey","line":128,"loc":{"start":{"line":128,"column":0},"end":{"line":129,"column":0}}},"5":{"name":"forEachKey","line":134,"loc":{"start":{"line":134,"column":0},"end":{"line":135,"column":0}}},"6":{"name":"pluck","line":143,"loc":{"start":{"line":143,"column":0},"end":{"line":144,"column":0}}},"7":{"name":"pluckv","line":149,"loc":{"start":{"line":149,"column":0},"end":{"line":150,"column":0}}},"8":{"name":"flattenIter","line":174,"loc":{"start":{"line":174,"column":0},"end":{"line":175,"column":0}}},"9":{"name":"doFlattenIter","line":179,"loc":{"start":{"line":179,"column":0},"end":{"line":180,"column":0}}},"10":{"name":"flattenObject","line":203,"loc":{"start":{"line":203,"column":0},"end":{"line":204,"column":0}}},"11":{"name":"(anonymous_11)","line":217,"loc":{"start":{"line":217,"column":46},"end":{"line":217,"column":59}}},"12":{"name":"startsWith","line":225,"loc":{"start":{"line":225,"column":0},"end":{"line":226,"column":0}}},"13":{"name":"endsWith","line":230,"loc":{"start":{"line":230,"column":0},"end":{"line":231,"column":0}}},"14":{"name":"iso8601","line":236,"loc":{"start":{"line":236,"column":0},"end":{"line":237,"column":0}}},"15":{"name":"rfc1123","line":253,"loc":{"start":{"line":253,"column":0},"end":{"line":253,"column":23}}},"16":{"name":"parseDateTime","line":266,"loc":{"start":{"line":266,"column":0},"end":{"line":267,"column":0}}},"17":{"name":"parseInteger","line":332,"loc":{"start":{"line":332,"column":0},"end":{"line":333,"column":0}}},"18":{"name":"translateDigit","line":467,"loc":{"start":{"line":467,"column":0},"end":{"line":468,"column":0}}},"19":{"name":"isSpace","line":488,"loc":{"start":{"line":488,"column":0},"end":{"line":489,"column":0}}},"20":{"name":"prefixToBase","line":508,"loc":{"start":{"line":508,"column":0},"end":{"line":509,"column":0}}},"21":{"name":"validateJsonObjectJS","line":529,"loc":{"start":{"line":529,"column":0},"end":{"line":530,"column":0}}},"22":{"name":"randElt","line":565,"loc":{"start":{"line":565,"column":0},"end":{"line":566,"column":0}}},"23":{"name":"assertHrtime","line":573,"loc":{"start":{"line":573,"column":0},"end":{"line":574,"column":0}}},"24":{"name":"hrtimeDiff","line":588,"loc":{"start":{"line":588,"column":0},"end":{"line":589,"column":0}}},"25":{"name":"hrtimeNanosec","line":611,"loc":{"start":{"line":611,"column":0},"end":{"line":612,"column":0}}},"26":{"name":"hrtimeMicrosec","line":622,"loc":{"start":{"line":622,"column":0},"end":{"line":623,"column":0}}},"27":{"name":"hrtimeMillisec","line":633,"loc":{"start":{"line":633,"column":0},"end":{"line":634,"column":0}}},"28":{"name":"hrtimeAccum","line":645,"loc":{"start":{"line":645,"column":0},"end":{"line":646,"column":0}}},"29":{"name":"hrtimeAdd","line":675,"loc":{"start":{"line":675,"column":0},"end":{"line":676,"column":0}}},"30":{"name":"extraProperties","line":692,"loc":{"start":{"line":692,"column":0},"end":{"line":693,"column":0}}},"31":{"name":"(anonymous_31)","line":703,"loc":{"start":{"line":703,"column":33},"end":{"line":703,"column":48}}},"32":{"name":"mergeObjects","line":714,"loc":{"start":{"line":714,"column":0},"end":{"line":715,"column":0}}}},"statementMap":{"1":{"start":{"line":5,"column":0},"end":{"line":5,"column":40}},"2":{"start":{"line":6,"column":0},"end":{"line":6,"column":31}},"3":{"start":{"line":8,"column":0},"end":{"line":8,"column":43}},"4":{"start":{"line":9,"column":0},"end":{"line":9,"column":35}},"5":{"start":{"line":10,"column":0},"end":{"line":10,"column":44}},"6":{"start":{"line":15,"column":0},"end":{"line":15,"column":28}},"7":{"start":{"line":16,"column":0},"end":{"line":16,"column":30}},"8":{"start":{"line":17,"column":0},"end":{"line":17,"column":26}},"9":{"start":{"line":18,"column":0},"end":{"line":18,"column":24}},"10":{"start":{"line":19,"column":0},"end":{"line":19,"column":32}},"11":{"start":{"line":20,"column":0},"end":{"line":20,"column":22}},"12":{"start":{"line":21,"column":0},"end":{"line":21,"column":38}},"13":{"start":{"line":22,"column":0},"end":{"line":22,"column":34}},"14":{"start":{"line":23,"column":0},"end":{"line":23,"column":50}},"15":{"start":{"line":24,"column":0},"end":{"line":24,"column":52}},"16":{"start":{"line":25,"column":0},"end":{"line":25,"column":26}},"17":{"start":{"line":26,"column":0},"end":{"line":26,"column":42}},"18":{"start":{"line":27,"column":0},"end":{"line":27,"column":36}},"19":{"start":{"line":29,"column":0},"end":{"line":29,"column":32}},"20":{"start":{"line":30,"column":0},"end":{"line":30,"column":28}},"21":{"start":{"line":32,"column":0},"end":{"line":32,"column":36}},"22":{"start":{"line":34,"column":0},"end":{"line":34,"column":26}},"23":{"start":{"line":35,"column":0},"end":{"line":35,"column":26}},"24":{"start":{"line":36,"column":0},"end":{"line":36,"column":38}},"25":{"start":{"line":38,"column":0},"end":{"line":38,"column":32}},"26":{"start":{"line":39,"column":0},"end":{"line":39,"column":32}},"27":{"start":{"line":40,"column":0},"end":{"line":40,"column":34}},"28":{"start":{"line":41,"column":0},"end":{"line":41,"column":30}},"29":{"start":{"line":42,"column":0},"end":{"line":42,"column":38}},"30":{"start":{"line":43,"column":0},"end":{"line":43,"column":40}},"31":{"start":{"line":44,"column":0},"end":{"line":44,"column":40}},"32":{"start":{"line":52,"column":0},"end":{"line":90,"column":1}},"33":{"start":{"line":54,"column":1},"end":{"line":54,"column":14}},"34":{"start":{"line":55,"column":1},"end":{"line":55,"column":27}},"35":{"start":{"line":57,"column":1},"end":{"line":58,"column":60}},"36":{"start":{"line":58,"column":2},"end":{"line":58,"column":60}},"37":{"start":{"line":60,"column":1},"end":{"line":73,"column":2}},"38":{"start":{"line":61,"column":2},"end":{"line":61,"column":11}},"39":{"start":{"line":62,"column":2},"end":{"line":62,"column":21}},"40":{"start":{"line":64,"column":2},"end":{"line":69,"column":3}},"41":{"start":{"line":65,"column":3},"end":{"line":66,"column":13}},"42":{"start":{"line":66,"column":4},"end":{"line":66,"column":13}},"43":{"start":{"line":68,"column":3},"end":{"line":68,"column":33}},"44":{"start":{"line":71,"column":2},"end":{"line":71,"column":23}},"45":{"start":{"line":72,"column":2},"end":{"line":72,"column":15}},"46":{"start":{"line":75,"column":1},"end":{"line":84,"column":2}},"47":{"start":{"line":76,"column":2},"end":{"line":76,"column":11}},"48":{"start":{"line":77,"column":2},"end":{"line":77,"column":21}},"49":{"start":{"line":79,"column":2},"end":{"line":80,"column":32}},"50":{"start":{"line":80,"column":3},"end":{"line":80,"column":32}},"51":{"start":{"line":82,"column":2},"end":{"line":82,"column":23}},"52":{"start":{"line":83,"column":2},"end":{"line":83,"column":15}},"53":{"start":{"line":89,"column":1},"end":{"line":89,"column":14}},"54":{"start":{"line":92,"column":0},"end":{"line":118,"column":1}},"55":{"start":{"line":94,"column":1},"end":{"line":95,"column":17}},"56":{"start":{"line":95,"column":2},"end":{"line":95,"column":17}},"57":{"start":{"line":97,"column":1},"end":{"line":98,"column":25}},"58":{"start":{"line":98,"column":2},"end":{"line":98,"column":25}},"59":{"start":{"line":100,"column":1},"end":{"line":101,"column":17}},"60":{"start":{"line":101,"column":2},"end":{"line":101,"column":17}},"61":{"start":{"line":103,"column":1},"end":{"line":103,"column":7}},"62":{"start":{"line":104,"column":1},"end":{"line":110,"column":2}},"63":{"start":{"line":105,"column":2},"end":{"line":106,"column":18}},"64":{"start":{"line":106,"column":3},"end":{"line":106,"column":18}},"65":{"start":{"line":108,"column":2},"end":{"line":109,"column":18}},"66":{"start":{"line":109,"column":3},"end":{"line":109,"column":18}},"67":{"start":{"line":112,"column":1},"end":{"line":115,"column":2}},"68":{"start":{"line":113,"column":2},"end":{"line":114,"column":18}},"69":{"start":{"line":114,"column":3},"end":{"line":114,"column":18}},"70":{"start":{"line":117,"column":1},"end":{"line":117,"column":15}},"71":{"start":{"line":120,"column":0},"end":{"line":126,"column":1}},"72":{"start":{"line":122,"column":1},"end":{"line":122,"column":9}},"73":{"start":{"line":123,"column":1},"end":{"line":124,"column":17}},"74":{"start":{"line":124,"column":2},"end":{"line":124,"column":17}},"75":{"start":{"line":125,"column":1},"end":{"line":125,"column":15}},"76":{"start":{"line":128,"column":0},"end":{"line":132,"column":1}},"77":{"start":{"line":130,"column":1},"end":{"line":130,"column":42}},"78":{"start":{"line":131,"column":1},"end":{"line":131,"column":57}},"79":{"start":{"line":134,"column":0},"end":{"line":141,"column":1}},"80":{"start":{"line":136,"column":1},"end":{"line":140,"column":2}},"81":{"start":{"line":137,"column":2},"end":{"line":139,"column":3}},"82":{"start":{"line":138,"column":3},"end":{"line":138,"column":27}},"83":{"start":{"line":143,"column":0},"end":{"line":147,"column":1}},"84":{"start":{"line":145,"column":1},"end":{"line":145,"column":42}},"85":{"start":{"line":146,"column":1},"end":{"line":146,"column":27}},"86":{"start":{"line":149,"column":0},"end":{"line":166,"column":1}},"87":{"start":{"line":151,"column":1},"end":{"line":152,"column":21}},"88":{"start":{"line":152,"column":2},"end":{"line":152,"column":21}},"89":{"start":{"line":154,"column":1},"end":{"line":155,"column":20}},"90":{"start":{"line":155,"column":2},"end":{"line":155,"column":20}},"91":{"start":{"line":157,"column":1},"end":{"line":157,"column":26}},"92":{"start":{"line":158,"column":1},"end":{"line":159,"column":21}},"93":{"start":{"line":159,"column":2},"end":{"line":159,"column":21}},"94":{"start":{"line":161,"column":1},"end":{"line":161,"column":29}},"95":{"start":{"line":162,"column":1},"end":{"line":163,"column":21}},"96":{"start":{"line":163,"column":2},"end":{"line":163,"column":21}},"97":{"start":{"line":165,"column":1},"end":{"line":165,"column":47}},"98":{"start":{"line":174,"column":0},"end":{"line":177,"column":1}},"99":{"start":{"line":176,"column":1},"end":{"line":176,"column":42}},"100":{"start":{"line":179,"column":0},"end":{"line":201,"column":1}},"101":{"start":{"line":181,"column":1},"end":{"line":181,"column":10}},"102":{"start":{"line":182,"column":1},"end":{"line":182,"column":9}},"103":{"start":{"line":184,"column":1},"end":{"line":189,"column":2}},"104":{"start":{"line":185,"column":2},"end":{"line":185,"column":24}},"105":{"start":{"line":186,"column":2},"end":{"line":186,"column":18}},"106":{"start":{"line":187,"column":2},"end":{"line":187,"column":17}},"107":{"start":{"line":188,"column":2},"end":{"line":188,"column":9}},"108":{"start":{"line":191,"column":1},"end":{"line":191,"column":30}},"109":{"start":{"line":192,"column":1},"end":{"line":192,"column":43}},"110":{"start":{"line":193,"column":1},"end":{"line":193,"column":44}},"111":{"start":{"line":194,"column":1},"end":{"line":194,"column":27}},"112":{"start":{"line":196,"column":1},"end":{"line":200,"column":2}},"113":{"start":{"line":197,"column":2},"end":{"line":197,"column":24}},"114":{"start":{"line":198,"column":2},"end":{"line":198,"column":17}},"115":{"start":{"line":199,"column":2},"end":{"line":199,"column":54}},"116":{"start":{"line":203,"column":0},"end":{"line":223,"column":1}},"117":{"start":{"line":205,"column":1},"end":{"line":206,"column":20}},"118":{"start":{"line":206,"column":2},"end":{"line":206,"column":20}},"119":{"start":{"line":208,"column":1},"end":{"line":208,"column":30}},"120":{"start":{"line":209,"column":1},"end":{"line":209,"column":43}},"121":{"start":{"line":210,"column":1},"end":{"line":210,"column":44}},"122":{"start":{"line":211,"column":1},"end":{"line":211,"column":27}},"123":{"start":{"line":213,"column":1},"end":{"line":213,"column":13}},"124":{"start":{"line":214,"column":1},"end":{"line":214,"column":9}},"125":{"start":{"line":216,"column":1},"end":{"line":220,"column":2}},"126":{"start":{"line":217,"column":2},"end":{"line":219,"column":5}},"127":{"start":{"line":218,"column":3},"end":{"line":218,"column":30}},"128":{"start":{"line":222,"column":1},"end":{"line":222,"column":13}},"129":{"start":{"line":225,"column":0},"end":{"line":228,"column":1}},"130":{"start":{"line":227,"column":1},"end":{"line":227,"column":49}},"131":{"start":{"line":230,"column":0},"end":{"line":234,"column":1}},"132":{"start":{"line":232,"column":1},"end":{"line":233,"column":59}},"133":{"start":{"line":236,"column":0},"end":{"line":245,"column":1}},"134":{"start":{"line":238,"column":1},"end":{"line":239,"column":18}},"135":{"start":{"line":239,"column":2},"end":{"line":239,"column":18}},"136":{"start":{"line":240,"column":1},"end":{"line":240,"column":39}},"137":{"start":{"line":241,"column":1},"end":{"line":244,"column":30}},"138":{"start":{"line":247,"column":0},"end":{"line":249,"column":46}},"139":{"start":{"line":250,"column":0},"end":{"line":251,"column":53}},"140":{"start":{"line":253,"column":0},"end":{"line":259,"column":1}},"141":{"start":{"line":254,"column":1},"end":{"line":258,"column":28}},"142":{"start":{"line":266,"column":0},"end":{"line":282,"column":1}},"143":{"start":{"line":276,"column":1},"end":{"line":276,"column":20}},"144":{"start":{"line":277,"column":1},"end":{"line":281,"column":2}},"145":{"start":{"line":278,"column":2},"end":{"line":278,"column":29}},"146":{"start":{"line":280,"column":2},"end":{"line":280,"column":25}},"147":{"start":{"line":289,"column":0},"end":{"line":289,"column":67}},"148":{"start":{"line":290,"column":0},"end":{"line":290,"column":68}},"149":{"start":{"line":296,"column":0},"end":{"line":304,"column":2}},"150":{"start":{"line":306,"column":0},"end":{"line":306,"column":16}},"151":{"start":{"line":307,"column":0},"end":{"line":307,"column":16}},"152":{"start":{"line":309,"column":0},"end":{"line":309,"column":16}},"153":{"start":{"line":310,"column":0},"end":{"line":310,"column":16}},"154":{"start":{"line":311,"column":0},"end":{"line":311,"column":16}},"155":{"start":{"line":312,"column":0},"end":{"line":312,"column":16}},"156":{"start":{"line":313,"column":0},"end":{"line":313,"column":16}},"157":{"start":{"line":314,"column":0},"end":{"line":314,"column":16}},"158":{"start":{"line":316,"column":0},"end":{"line":316,"column":16}},"159":{"start":{"line":317,"column":0},"end":{"line":317,"column":16}},"160":{"start":{"line":318,"column":0},"end":{"line":318,"column":16}},"161":{"start":{"line":319,"column":0},"end":{"line":319,"column":16}},"162":{"start":{"line":320,"column":0},"end":{"line":320,"column":16}},"163":{"start":{"line":321,"column":0},"end":{"line":321,"column":16}},"164":{"start":{"line":323,"column":0},"end":{"line":323,"column":23}},"165":{"start":{"line":324,"column":0},"end":{"line":324,"column":22}},"166":{"start":{"line":325,"column":0},"end":{"line":325,"column":22}},"167":{"start":{"line":332,"column":0},"end":{"line":461,"column":1}},"168":{"start":{"line":334,"column":1},"end":{"line":334,"column":31}},"169":{"start":{"line":335,"column":1},"end":{"line":335,"column":45}},"170":{"start":{"line":337,"column":1},"end":{"line":337,"column":26}},"171":{"start":{"line":338,"column":1},"end":{"line":338,"column":27}},"172":{"start":{"line":340,"column":1},"end":{"line":362,"column":2}},"173":{"start":{"line":341,"column":2},"end":{"line":341,"column":39}},"174":{"start":{"line":342,"column":2},"end":{"line":342,"column":41}},"175":{"start":{"line":343,"column":2},"end":{"line":343,"column":50}},"176":{"start":{"line":344,"column":2},"end":{"line":344,"column":56}},"177":{"start":{"line":345,"column":2},"end":{"line":345,"column":58}},"178":{"start":{"line":346,"column":2},"end":{"line":346,"column":58}},"179":{"start":{"line":347,"column":2},"end":{"line":347,"column":62}},"180":{"start":{"line":348,"column":2},"end":{"line":349,"column":31}},"181":{"start":{"line":350,"column":2},"end":{"line":351,"column":32}},"182":{"start":{"line":352,"column":2},"end":{"line":353,"column":32}},"183":{"start":{"line":354,"column":2},"end":{"line":355,"column":36}},"184":{"start":{"line":357,"column":2},"end":{"line":361,"column":3}},"185":{"start":{"line":358,"column":3},"end":{"line":360,"column":29}},"186":{"start":{"line":364,"column":1},"end":{"line":364,"column":7}},"187":{"start":{"line":365,"column":1},"end":{"line":365,"column":16}},"188":{"start":{"line":366,"column":1},"end":{"line":366,"column":25}},"189":{"start":{"line":367,"column":1},"end":{"line":367,"column":11}},"190":{"start":{"line":368,"column":1},"end":{"line":368,"column":14}},"191":{"start":{"line":369,"column":1},"end":{"line":369,"column":15}},"192":{"start":{"line":370,"column":1},"end":{"line":370,"column":13}},"193":{"start":{"line":371,"column":1},"end":{"line":371,"column":22}},"194":{"start":{"line":374,"column":1},"end":{"line":378,"column":2}},"195":{"start":{"line":375,"column":2},"end":{"line":377,"column":3}},"196":{"start":{"line":376,"column":3},"end":{"line":376,"column":9}},"197":{"start":{"line":381,"column":1},"end":{"line":388,"column":2}},"198":{"start":{"line":382,"column":2},"end":{"line":387,"column":3}},"199":{"start":{"line":383,"column":3},"end":{"line":383,"column":12}},"200":{"start":{"line":384,"column":3},"end":{"line":384,"column":13}},"201":{"start":{"line":385,"column":9},"end":{"line":387,"column":3}},"202":{"start":{"line":386,"column":3},"end":{"line":386,"column":12}},"203":{"start":{"line":391,"column":1},"end":{"line":403,"column":2}},"204":{"start":{"line":392,"column":2},"end":{"line":398,"column":3}},"205":{"start":{"line":393,"column":3},"end":{"line":393,"column":49}},"206":{"start":{"line":394,"column":3},"end":{"line":397,"column":4}},"207":{"start":{"line":395,"column":4},"end":{"line":395,"column":17}},"208":{"start":{"line":396,"column":4},"end":{"line":396,"column":13}},"209":{"start":{"line":400,"column":2},"end":{"line":402,"column":3}},"210":{"start":{"line":401,"column":3},"end":{"line":401,"column":12}},"211":{"start":{"line":406,"column":1},"end":{"line":414,"column":2}},"212":{"start":{"line":407,"column":2},"end":{"line":407,"column":42}},"213":{"start":{"line":408,"column":2},"end":{"line":413,"column":3}},"214":{"start":{"line":409,"column":3},"end":{"line":409,"column":17}},"215":{"start":{"line":410,"column":3},"end":{"line":410,"column":14}},"216":{"start":{"line":412,"column":3},"end":{"line":412,"column":9}},"217":{"start":{"line":417,"column":1},"end":{"line":419,"column":2}},"218":{"start":{"line":418,"column":2},"end":{"line":418,"column":63}},"219":{"start":{"line":422,"column":1},"end":{"line":426,"column":2}},"220":{"start":{"line":423,"column":2},"end":{"line":425,"column":3}},"221":{"start":{"line":424,"column":3},"end":{"line":424,"column":9}},"222":{"start":{"line":429,"column":1},"end":{"line":432,"column":2}},"223":{"start":{"line":430,"column":2},"end":{"line":431,"column":39}},"224":{"start":{"line":435,"column":1},"end":{"line":437,"column":2}},"225":{"start":{"line":436,"column":2},"end":{"line":436,"column":13}},"226":{"start":{"line":440,"column":1},"end":{"line":440,"column":27}},"227":{"start":{"line":454,"column":1},"end":{"line":458,"column":2}},"228":{"start":{"line":456,"column":2},"end":{"line":457,"column":46}},"229":{"start":{"line":460,"column":1},"end":{"line":460,"column":17}},"230":{"start":{"line":467,"column":0},"end":{"line":482,"column":1}},"231":{"start":{"line":469,"column":1},"end":{"line":481,"column":2}},"232":{"start":{"line":471,"column":2},"end":{"line":471,"column":27}},"233":{"start":{"line":472,"column":8},"end":{"line":481,"column":2}},"234":{"start":{"line":474,"column":2},"end":{"line":474,"column":26}},"235":{"start":{"line":475,"column":8},"end":{"line":481,"column":2}},"236":{"start":{"line":477,"column":2},"end":{"line":477,"column":26}},"237":{"start":{"line":480,"column":2},"end":{"line":480,"column":14}},"238":{"start":{"line":488,"column":0},"end":{"line":502,"column":1}},"239":{"start":{"line":490,"column":1},"end":{"line":501,"column":20}},"240":{"start":{"line":508,"column":0},"end":{"line":526,"column":1}},"241":{"start":{"line":510,"column":1},"end":{"line":525,"column":2}},"242":{"start":{"line":512,"column":2},"end":{"line":512,"column":13}},"243":{"start":{"line":513,"column":8},"end":{"line":525,"column":2}},"244":{"start":{"line":515,"column":2},"end":{"line":515,"column":13}},"245":{"start":{"line":516,"column":8},"end":{"line":525,"column":2}},"246":{"start":{"line":518,"column":2},"end":{"line":518,"column":14}},"247":{"start":{"line":519,"column":8},"end":{"line":525,"column":2}},"248":{"start":{"line":521,"column":2},"end":{"line":521,"column":14}},"249":{"start":{"line":524,"column":2},"end":{"line":524,"column":14}},"250":{"start":{"line":529,"column":0},"end":{"line":563,"column":1}},"251":{"start":{"line":531,"column":1},"end":{"line":531,"column":53}},"252":{"start":{"line":533,"column":1},"end":{"line":534,"column":16}},"253":{"start":{"line":534,"column":2},"end":{"line":534,"column":16}},"254":{"start":{"line":537,"column":1},"end":{"line":537,"column":30}},"255":{"start":{"line":540,"column":1},"end":{"line":540,"column":34}},"256":{"start":{"line":541,"column":1},"end":{"line":541,"column":45}},"257":{"start":{"line":542,"column":1},"end":{"line":542,"column":10}},"258":{"start":{"line":548,"column":1},"end":{"line":558,"column":2}},"259":{"start":{"line":551,"column":2},"end":{"line":551,"column":30}},"260":{"start":{"line":552,"column":2},"end":{"line":555,"column":55}},"261":{"start":{"line":553,"column":3},"end":{"line":553,"column":38}},"262":{"start":{"line":555,"column":3},"end":{"line":555,"column":55}},"263":{"start":{"line":557,"column":2},"end":{"line":557,"column":34}},"264":{"start":{"line":560,"column":1},"end":{"line":560,"column":71}},"265":{"start":{"line":561,"column":1},"end":{"line":561,"column":24}},"266":{"start":{"line":562,"column":1},"end":{"line":562,"column":13}},"267":{"start":{"line":565,"column":0},"end":{"line":571,"column":1}},"268":{"start":{"line":567,"column":1},"end":{"line":568,"column":51}},"269":{"start":{"line":570,"column":1},"end":{"line":570,"column":54}},"270":{"start":{"line":573,"column":0},"end":{"line":578,"column":1}},"271":{"start":{"line":575,"column":1},"end":{"line":576,"column":48}},"272":{"start":{"line":577,"column":1},"end":{"line":577,"column":58}},"273":{"start":{"line":588,"column":0},"end":{"line":605,"column":1}},"274":{"start":{"line":590,"column":1},"end":{"line":590,"column":17}},"275":{"start":{"line":591,"column":1},"end":{"line":591,"column":17}},"276":{"start":{"line":592,"column":1},"end":{"line":593,"column":41}},"277":{"start":{"line":595,"column":1},"end":{"line":595,"column":29}},"278":{"start":{"line":597,"column":1},"end":{"line":602,"column":2}},"279":{"start":{"line":598,"column":2},"end":{"line":598,"column":22}},"280":{"start":{"line":600,"column":2},"end":{"line":600,"column":10}},"281":{"start":{"line":601,"column":2},"end":{"line":601,"column":30}},"282":{"start":{"line":604,"column":1},"end":{"line":604,"column":13}},"283":{"start":{"line":611,"column":0},"end":{"line":616,"column":1}},"284":{"start":{"line":613,"column":1},"end":{"line":613,"column":17}},"285":{"start":{"line":615,"column":1},"end":{"line":615,"column":40}},"286":{"start":{"line":622,"column":0},"end":{"line":627,"column":1}},"287":{"start":{"line":624,"column":1},"end":{"line":624,"column":17}},"288":{"start":{"line":626,"column":1},"end":{"line":626,"column":46}},"289":{"start":{"line":633,"column":0},"end":{"line":638,"column":1}},"290":{"start":{"line":635,"column":1},"end":{"line":635,"column":17}},"291":{"start":{"line":637,"column":1},"end":{"line":637,"column":46}},"292":{"start":{"line":645,"column":0},"end":{"line":669,"column":1}},"293":{"start":{"line":647,"column":1},"end":{"line":647,"column":17}},"294":{"start":{"line":648,"column":1},"end":{"line":648,"column":17}},"295":{"start":{"line":653,"column":1},"end":{"line":653,"column":14}},"296":{"start":{"line":654,"column":1},"end":{"line":661,"column":2}},"297":{"start":{"line":659,"column":2},"end":{"line":659,"column":9}},"298":{"start":{"line":660,"column":2},"end":{"line":660,"column":14}},"299":{"start":{"line":666,"column":1},"end":{"line":666,"column":14}},"300":{"start":{"line":668,"column":1},"end":{"line":668,"column":12}},"301":{"start":{"line":675,"column":0},"end":{"line":682,"column":1}},"302":{"start":{"line":677,"column":1},"end":{"line":677,"column":17}},"303":{"start":{"line":679,"column":1},"end":{"line":679,"column":25}},"304":{"start":{"line":681,"column":1},"end":{"line":681,"column":29}},"305":{"start":{"line":692,"column":0},"end":{"line":706,"column":1}},"306":{"start":{"line":694,"column":1},"end":{"line":695,"column":47}},"307":{"start":{"line":696,"column":1},"end":{"line":697,"column":53}},"308":{"start":{"line":698,"column":1},"end":{"line":701,"column":2}},"309":{"start":{"line":699,"column":2},"end":{"line":700,"column":54}},"310":{"start":{"line":703,"column":1},"end":{"line":705,"column":5}},"311":{"start":{"line":704,"column":2},"end":{"line":704,"column":39}},"312":{"start":{"line":714,"column":0},"end":{"line":735,"column":1}},"313":{"start":{"line":716,"column":1},"end":{"line":716,"column":11}},"314":{"start":{"line":718,"column":1},"end":{"line":718,"column":9}},"315":{"start":{"line":719,"column":1},"end":{"line":722,"column":2}},"316":{"start":{"line":720,"column":2},"end":{"line":721,"column":23}},"317":{"start":{"line":721,"column":3},"end":{"line":721,"column":23}},"318":{"start":{"line":724,"column":1},"end":{"line":727,"column":2}},"319":{"start":{"line":725,"column":2},"end":{"line":726,"column":23}},"320":{"start":{"line":726,"column":3},"end":{"line":726,"column":23}},"321":{"start":{"line":729,"column":1},"end":{"line":732,"column":2}},"322":{"start":{"line":730,"column":2},"end":{"line":731,"column":24}},"323":{"start":{"line":731,"column":3},"end":{"line":731,"column":24}},"324":{"start":{"line":734,"column":1},"end":{"line":734,"column":13}}},"branchMap":{"1":{"line":57,"type":"if","locations":[{"start":{"line":57,"column":1}
[...]
tempted deep copy of cyclic object'));","","\tif (obj && obj.constructor == Object) {","\t\tret = {};","\t\tobj[marker] = true;","","\t\tfor (key in obj) {","\t\t\tif (key == marker)","\t\t\t\tcontinue;","","\t\t\tret[key] = deepCopy(obj[key]);","\t\t}","","\t\tdelete (obj[marker]);","\t\treturn (ret);","\t}","","\tif (obj && obj.constructor == Array) {","\t\tret = [];","\t\tobj[marker] = true;","","\t\tfor (key = 0; key < obj.length; key++)","\t\t\tret.push(deepCopy(obj[key]));","","\t\tdelete (obj[marker]);","\t\treturn (ret);","\t}","","\t/*","\t * It must be a primitive type -- just return it.","\t */","\treturn (obj);","}","","function deepEqual(obj1, obj2)","{","\tif (typeof (obj1) != typeof (obj2))","\t\treturn (false);","","\tif (obj1 === null || obj2 === null || typeof (obj1) != 'object')","\t\treturn (obj1 === obj2);","","\tif (obj1.constructor != obj2.constructor)","\t\treturn (false);","","\tvar k;","\tfor (k in obj1) {","\t\tif (!obj2.hasOwnProperty(k))","\t\t\treturn (false);","","\t\tif (!deepEqual(obj1[k], obj2[k]))","\t\t\treturn (false);","\t}","","\tfor (k in obj2) {","\t\tif (!obj1.hasOwnProperty(k))","\t\t\treturn (false);","\t}","","\treturn (true);","}","","function isEmpty(obj)","{","\tvar key;","\tfor (key in obj)","\t\treturn (false);","\treturn (true);","}","","function hasKey(obj, key)","{","\tmod_assert.equal(typeof (key), 'string');","\treturn (Object.prototype.hasOwnProperty.call(obj, key));","}","","function forEachKey(obj, callback)","{","\tfor (var key in obj) {","\t\tif (hasKey(obj, key)) {","\t\t\tcallback(key, obj[key]);","\t\t}","\t}","}","","function pluck(obj, key)","{","\tmod_assert.equal(typeof (key), 'string');","\treturn (pluckv(obj, key));","}","","function pluckv(obj, key)","{","\tif (obj === null || typeof (obj) !== 'object')","\t\treturn (undefined);","","\tif (obj.hasOwnProperty(key))","\t\treturn (obj[key]);","","\tvar i = key.indexOf('.');","\tif (i == -1)","\t\treturn (undefined);","","\tvar key1 = key.substr(0, i);","\tif (!obj.hasOwnProperty(key1))","\t\treturn (undefined);","","\treturn (pluckv(obj[key1], key.substr(i + 1)));","}","","/*"," * Invoke callback(row) for each entry in the array that would be returned by"," * flattenObject(data, depth).  This is just like flattenObject(data,"," * depth).forEach(callback), except that the intermediate array is never"," * created."," */","function flattenIter(data, depth, callback)","{","\tdoFlattenIter(data, depth, [], callback);","}","","function doFlattenIter(data, depth, accum, callback)","{","\tvar each;","\tvar key;","","\tif (depth === 0) {","\t\teach = accum.slice(0);","\t\teach.push(data);","\t\tcallback(each);","\t\treturn;","\t}","","\tmod_assert.ok(data !== null);","\tmod_assert.equal(typeof (data), 'object');","\tmod_assert.equal(typeof (depth), 'number');","\tmod_assert.ok(depth >= 0);","","\tfor (key in data) {","\t\teach = accum.slice(0);","\t\teach.push(key);","\t\tdoFlattenIter(data[key], depth - 1, each, callback);","\t}","}","","function flattenObject(data, depth)","{","\tif (depth === 0)","\t\treturn ([ data ]);","","\tmod_assert.ok(data !== null);","\tmod_assert.equal(typeof (data), 'object');","\tmod_assert.equal(typeof (depth), 'number');","\tmod_assert.ok(depth >= 0);","","\tvar rv = [];","\tvar key;","","\tfor (key in data) {","\t\tflattenObject(data[key], depth - 1).forEach(function (p) {","\t\t\trv.push([ key ].concat(p));","\t\t});","\t}","","\treturn (rv);","}","","function startsWith(str, prefix)","{","\treturn (str.substr(0, prefix.length) == prefix);","}","","function endsWith(str, suffix)","{","\treturn (str.substr(","\t    str.length - suffix.length, suffix.length) == suffix);","}","","function iso8601(d)","{","\tif (typeof (d) == 'number')","\t\td = new Date(d);","\tmod_assert.ok(d.constructor === Date);","\treturn (mod_extsprintf.sprintf('%4d-%02d-%02dT%02d:%02d:%02d.%03dZ',","\t    d.getUTCFullYear(), d.getUTCMonth() + 1, d.getUTCDate(),","\t    d.getUTCHours(), d.getUTCMinutes(), d.getUTCSeconds(),","\t    d.getUTCMilliseconds()));","}","","var RFC1123_MONTHS = [","    'Jan', 'Feb', 'Mar', 'Apr', 'May', 'Jun',","    'Jul', 'Aug', 'Sep', 'Oct', 'Nov', 'Dec'];","var RFC1123_DAYS = [","    'Sun', 'Mon', 'Tue', 'Wed', 'Thu', 'Fri', 'Sat'];","","function rfc1123(date) {","\treturn (mod_extsprintf.sprintf('%s, %02d %s %04d %02d:%02d:%02d GMT',","\t    RFC1123_DAYS[date.getUTCDay()], date.getUTCDate(),","\t    RFC1123_MONTHS[date.getUTCMonth()], date.getUTCFullYear(),","\t    date.getUTCHours(), date.getUTCMinutes(),","\t    date.getUTCSeconds()));","}","","/*"," * Parses a date expressed as a string, as either a number of milliseconds since"," * the epoch or any string format that Date accepts, giving preference to the"," * former where these two sets overlap (e.g., small numbers)."," */","function parseDateTime(str)","{","\t/*","\t * This is irritatingly implicit, but significantly more concise than","\t * alternatives.  The \"+str\" will convert a string containing only a","\t * number directly to a Number, or NaN for other strings.  Thus, if the","\t * conversion succeeds, we use it (this is the milliseconds-since-epoch","\t * case).  Otherwise, we pass the string directly to the Date","\t * constructor to parse.","\t */","\tvar numeric = +str;","\tif (!isNaN(numeric)) {","\t\treturn (new Date(numeric));","\t} else {","\t\treturn (new Date(str));","\t}","}","","","/*"," * Number.*_SAFE_INTEGER isn't present before node v0.12, so we hardcode"," * the ES6 definitions here, while allowing for them to someday be higher."," */","var MAX_SAFE_INTEGER = Number.MAX_SAFE_INTEGER || 9007199254740991;","var MIN_SAFE_INTEGER = Number.MIN_SAFE_INTEGER || -9007199254740991;","","","/*"," * Default options for parseInteger()."," */","var PI_DEFAULTS = {","\tbase: 10,","\tallowSign: true,","\tallowPrefix: false,","\tallowTrailing: false,","\tallowImprecise: false,","\ttrimWhitespace: false,","\tleadingZeroIsOctal: false","};","","var CP_0 = 0x30;","var CP_9 = 0x39;","","var CP_A = 0x41;","var CP_B = 0x42;","var CP_O = 0x4f;","var CP_T = 0x54;","var CP_X = 0x58;","var CP_Z = 0x5a;","","var CP_a = 0x61;","var CP_b = 0x62;","var CP_o = 0x6f;","var CP_t = 0x74;","var CP_x = 0x78;","var CP_z = 0x7a;","","var PI_CONV_DEC = 0x30;","var PI_CONV_UC = 0x37;","var PI_CONV_LC = 0x57;","","","/*"," * A stricter version of parseInt() that provides options for changing what"," * is an acceptable string (for example, disallowing trailing characters)."," */","function parseInteger(str, uopts)","{","\tmod_assert.string(str, 'str');","\tmod_assert.optionalObject(uopts, 'options');","","\tvar baseOverride = false;","\tvar options = PI_DEFAULTS;","","\tif (uopts) {","\t\tbaseOverride = hasKey(uopts, 'base');","\t\toptions = mergeObjects(options, uopts);","\t\tmod_assert.number(options.base, 'options.base');","\t\tmod_assert.ok(options.base >= 2, 'options.base >= 2');","\t\tmod_assert.ok(options.base <= 36, 'options.base <= 36');","\t\tmod_assert.bool(options.allowSign, 'options.allowSign');","\t\tmod_assert.bool(options.allowPrefix, 'options.allowPrefix');","\t\tmod_assert.bool(options.allowTrailing,","\t\t    'options.allowTrailing');","\t\tmod_assert.bool(options.allowImprecise,","\t\t    'options.allowImprecise');","\t\tmod_assert.bool(options.trimWhitespace,","\t\t    'options.trimWhitespace');","\t\tmod_assert.bool(options.leadingZeroIsOctal,","\t\t    'options.leadingZeroIsOctal');","","\t\tif (options.leadingZeroIsOctal) {","\t\t\tmod_assert.ok(!baseOverride,","\t\t\t    '\"base\" and \"leadingZeroIsOctal\" are ' +","\t\t\t    'mutually exclusive');","\t\t}","\t}","","\tvar c;","\tvar pbase = -1;","\tvar base = options.base;","\tvar start;","\tvar mult = 1;","\tvar value = 0;","\tvar idx = 0;","\tvar len = str.length;","","\t/* Trim any whitespace on the left side. */","\tif (options.trimWhitespace) {","\t\twhile (idx < len && isSpace(str.charCodeAt(idx))) {","\t\t\t++idx;","\t\t}","\t}","","\t/* Check the number for a leading sign. */","\tif (options.allowSign) {","\t\tif (str[idx] === '-') {","\t\t\tidx += 1;","\t\t\tmult = -1;","\t\t} else if (str[idx] === '+') {","\t\t\tidx += 1;","\t\t}","\t}","","\t/* Parse the base-indicating prefix if there is one. */","\tif (str[idx] === '0') {","\t\tif (options.allowPrefix) {","\t\t\tpbase = prefixToBase(str.charCodeAt(idx + 1));","\t\t\tif (pbase !== -1 && (!baseOverride || pbase === base)) {","\t\t\t\tbase = pbase;","\t\t\t\tidx += 2;","\t\t\t}","\t\t}","","\t\tif (pbase === -1 && options.leadingZeroIsOctal) {","\t\t\tbase = 8;","\t\t}","\t}","","\t/* Parse the actual digits. */","\tfor (start = idx; idx < len; ++idx) {","\t\tc = translateDigit(str.charCodeAt(idx));","\t\tif (c !== -1 && c < base) {","\t\t\tvalue *= base;","\t\t\tvalue += c;","\t\t} else {","\t\t\tbreak;","\t\t}","\t}","","\t/* If we didn't parse any digits, we have an invalid number. */","\tif (start === idx) {","\t\treturn (new Error('invalid number: ' + JSON.stringify(str)));","\t}","","\t/* Trim any whitespace on the right side. */","\tif (options.trimWhitespace) {","\t\twhile (idx < len && isSpace(str.charCodeAt(idx))) {","\t\t\t++idx;","\t\t}","\t}","","\t/* Check for trailing characters. */","\tif (idx < len && !options.allowTrailing) {","\t\treturn (new Error('trailing characters after number: ' +","\t\t    JSON.stringify(str.slice(idx))));","\t}","","\t/* If our value is 0, we return now, to avoid returning -0. */","\tif (value === 0) {","\t\treturn (0);","\t}","","\t/* Calculate our final value. */","\tvar result = value * mult;","","\t/*","\t * If the string represents a value that cannot be precisely represented","\t * by JavaScript, then we want to check that:","\t *","\t * - We never increased the value past MAX_SAFE_INTEGER","\t * - We don't make the result negative and below MIN_SAFE_INTEGER","\t *","\t * Because we only ever increment the value during parsing, there's no","\t * chance of moving past MAX_SAFE_INTEGER and then dropping below it","\t * again, losing precision in the process. This means that we only need","\t * to do our checks here, at the end.","\t */","\tif (!options.allowImprecise &&","\t    (value > MAX_SAFE_INTEGER || result < MIN_SAFE_INTEGER)) {","\t\treturn (new Error('number is outside of the supported range: ' +","\t\t    JSON.stringify(str.slice(start, idx))));","\t}","","\treturn (result);","}","","","/*"," * Interpret a character code as a base-36 digit."," */","function translateDigit(d)","{","\tif (d >= CP_0 && d <= CP_9) {","\t\t/* '0' to '9' -> 0 to 9 */","\t\treturn (d - PI_CONV_DEC);","\t} else if (d >= CP_A && d <= CP_Z) {","\t\t/* 'A' - 'Z' -> 10 to 35 */","\t\treturn (d - PI_CONV_UC);","\t} else if (d >= CP_a && d <= CP_z) {","\t\t/* 'a' - 'z' -> 10 to 35 */","\t\treturn (d - PI_CONV_LC);","\t} else {","\t\t/* Invalid character code */","\t\treturn (-1);","\t}","}","","","/*"," * Test if a value matches the ECMAScript definition of trimmable whitespace."," */","function isSpace(c)","{","\treturn (c === 0x20) ||","\t    (c >= 0x0009 && c <= 0x000d) ||","\t    (c === 0x00a0) ||","\t    (c === 0x1680) ||","\t    (c === 0x180e) ||","\t    (c >= 0x2000 && c <= 0x200a) ||","\t    (c === 0x2028) ||","\t    (c === 0x2029) ||","\t    (c === 0x202f) ||","\t    (c === 0x205f) ||","\t    (c === 0x3000) ||","\t    (c === 0xfeff);","}","","","/*"," * Determine which base a character indicates (e.g., 'x' indicates hex)."," */","function prefixToBase(c)","{","\tif (c === CP_b || c === CP_B) {","\t\t/* 0b/0B (binary) */","\t\treturn (2);","\t} else if (c === CP_o || c === CP_O) {","\t\t/* 0o/0O (octal) */","\t\treturn (8);","\t} else if (c === CP_t || c === CP_T) {","\t\t/* 0t/0T (decimal) */","\t\treturn (10);","\t} else if (c === CP_x || c === CP_X) {","\t\t/* 0x/0X (hexadecimal) */","\t\treturn (16);","\t} else {","\t\t/* Not a meaningful character */","\t\treturn (-1);","\t}","}","","","function validateJsonObjectJS(schema, input)","{","\tvar report = mod_jsonschema.validate(input, schema);","","\tif (report.errors.length === 0)","\t\treturn (null);","","\t/* Currently, we only do anything useful with the first error. */","\tvar error = report.errors[0];","","\t/* The failed property is given by a URI with an irrelevant prefix. */","\tvar propname = error['property'];","\tvar reason = error['message'].toLowerCase();","\tvar i, j;","","\t/*","\t * There's at least one case where the property error message is","\t * confusing at best.  We work around this here.","\t */","\tif ((i = reason.indexOf('the property ')) != -1 &&","\t    (j = reason.indexOf(' is not defined in the schema and the ' +","\t    'schema does not allow additional properties')) != -1) {","\t\ti += 'the property '.length;","\t\tif (propname === '')","\t\t\tpropname = reason.substr(i, j - i);","\t\telse","\t\t\tpropname = propname + '.' + reason.substr(i, j - i);","","\t\treason = 'unsupported property';","\t}","","\tvar rv = new mod_verror.VError('property \"%s\": %s', propname, reason);","\trv.jsv_details = error;","\treturn (rv);","}","","function randElt(arr)","{","\tmod_assert.ok(Array.isArray(arr) && arr.length > 0,","\t    'randElt argument must be a non-empty array');","","\treturn (arr[Math.floor(Math.random() * arr.length)]);","}","","function assertHrtime(a)","{","\tmod_assert.ok(a[0] >= 0 && a[1] >= 0,","\t    'negative numbers not allowed in hrtimes');","\tmod_assert.ok(a[1] < 1e9, 'nanoseconds column overflow');","}","","/*"," * Compute the time elapsed between hrtime readings A and B, where A is later"," * than B.  hrtime readings come from Node's process.hrtime().  There is no"," * defined way to represent negative deltas, so it's illegal to diff B from A"," * where the time denoted by B is later than the time denoted by A.  If this"," * becomes valuable, we can define a representation and extend the"," * implementation to support it."," */","function hrtimeDiff(a, b)","{","\tassertHrtime(a);","\tassertHrtime(b);","\tmod_assert.ok(a[0] > b[0] || (a[0] == b[0] && a[1] >= b[1]),","\t    'negative differences not allowed');","","\tvar rv = [ a[0] - b[0], 0 ];","","\tif (a[1] >= b[1]) {","\t\trv[1] = a[1] - b[1];","\t} else {","\t\trv[0]--;","\t\trv[1] = 1e9 - (b[1] - a[1]);","\t}","","\treturn (rv);","}","","/*"," * Convert a hrtime reading from the array format returned by Node's"," * process.hrtime() into a scalar number of nanoseconds."," */","function hrtimeNanosec(a)","{","\tassertHrtime(a);","","\treturn (Math.floor(a[0] * 1e9 + a[1]));","}","","/*"," * Convert a hrtime reading from the array format returned by Node's"," * process.hrtime() into a scalar number of microseconds."," */","function hrtimeMicrosec(a)","{","\tassertHrtime(a);","","\treturn (Math.floor(a[0] * 1e6 + a[1] / 1e3));","}","","/*"," * Convert a hrtime reading from the array format returned by Node's"," * process.hrtime() into a scalar number of milliseconds."," */","function hrtimeMillisec(a)","{","\tassertHrtime(a);","","\treturn (Math.floor(a[0] * 1e3 + a[1] / 1e6));","}","","/*"," * Add two hrtime readings A and B, overwriting A with the result of the"," * addition.  This function is useful for accumulating several hrtime intervals"," * into a counter.  Returns A."," */","function hrtimeAccum(a, b)","{","\tassertHrtime(a);","\tassertHrtime(b);","","\t/*","\t * Accumulate the nanosecond component.","\t */","\ta[1] += b[1];","\tif (a[1] >= 1e9) {","\t\t/*","\t\t * The nanosecond component overflowed, so carry to the seconds","\t\t * field.","\t\t */","\t\ta[0]++;","\t\ta[1] -= 1e9;","\t}","","\t/*","\t * Accumulate the seconds component.","\t */","\ta[0] += b[0];","","\treturn (a);","}","","/*"," * Add two hrtime readings A and B, returning the result as a new hrtime array."," * Does not modify either input argument."," */","function hrtimeAdd(a, b)","{","\tassertHrtime(a);","","\tvar rv = [ a[0], a[1] ];","","\treturn (hrtimeAccum(rv, b));","}","","","/*"," * Check an object for unexpected properties.  Accepts the object to check, and"," * an array of allowed property names (strings).  Returns an array of key names"," * that were found on the object, but did not appear in the list of allowed"," * properties.  If no properties were found, the returned array will be of"," * zero length."," */","function extraProperties(obj, allowed)","{","\tmod_assert.ok(typeof (obj) === 'object' && obj !== null,","\t    'obj argument must be a non-null object');","\tmod_assert.ok(Array.isArray(allowed),","\t    'allowed argument must be an array of strings');","\tfor (var i = 0; i < allowed.length; i++) {","\t\tmod_assert.ok(typeof (allowed[i]) === 'string',","\t\t    'allowed argument must be an array of strings');","\t}","","\treturn (Object.keys(obj).filter(function (key) {","\t\treturn (allowed.indexOf(key) === -1);","\t}));","}","","/*"," * Given three sets of properties \"provided\" (may be undefined), \"overrides\""," * (required), and \"defaults\" (may be undefined), construct an object containing"," * the union of these sets with \"overrides\" overriding \"provided\", and"," * \"provided\" overriding \"defaults\".  None of the input objects are modified."," */","function mergeObjects(provided, overrides, defaults)","{","\tvar rv, k;","","\trv = {};","\tif (defaults) {","\t\tfor (k in defaults)","\t\t\trv[k] = defaults[k];","\t}","","\tif (provided) {","\t\tfor (k in provided)","\t\t\trv[k] = provided[k];","\t}","","\tif (overrides) {","\t\tfor (k in overrides)","\t\t\trv[k] = overrides[k];","\t}","","\treturn (rv);","}",""],"l":{"5":1,"6":1,"8":1,"9":1,"10":1,"15":1,"16":1,"17":1,"18":1,"19":1,"20":1,"21":1,"22":1,"23":1,"24":1,"25":1,"26":1,"27":1,"29":1,"30":1,"32":1,"34":1,"35":1,"36":1,"38":1,"39":1,"40":1,"41":1,"42":1,"43":1,"44":1,"52":1,"54":0,"55":0,"57":0,"58":0,"60":0,"61":0,"62":0,"64":0,"65":0,"66":0,"68":0,"71":0,"72":0,"75":0,"76":0,"77":0,"79":0,"80":0,"82":0,"83":0,"89":0,"92":1,"94":0,"95":0,"97":0,"98":0,"100":0,"101":0,"103":0,"104":0,"105":0,"106":0,"108":0,"109":0,"112":0,"113":0,"114":0,"117":0,"120":1,"122":0,"123":0,"124":0,"125":0,"128":1,"130":0,"131":0,"134":1,"136":0,"137":0,"138":0,"143":1,"145":0,"146":0,"149":1,"151":0,"152":0,"154":0,"155":0,"157":0,"158":0,"159":0,"161":0,"162":0,"163":0,"165":0,"174":1,"176":0,"179":1,"181":0,"182":0,"184":0,"185":0,"186":0,"187":0,"188":0,"191":0,"192":0,"193":0,"194":0,"196":0,"197":0,"198":0,"199":0,"203":1,"205":0,"206":0,"208":0,"209":0,"210":0,"211":0,"213":0,"214":0,"216":0,"217":0,"218":0,"222":0,"225":1,"227":0,"230":1,"232":0,"236":1,"238":0,"239":0,"240":0,"241":0,"247":1,"250":1,"253":1,"254":0,"266":1,"276":0,"277":0,"278":0,"280":0,"289":1,"290":1,"296":1,"306":1,"307":1,"309":1,"310":1,"311":1,"312":1,"313":1,"314":1,"316":1,"317":1,"318":1,"319":1,"320":1,"321":1,"323":1,"324":1,"325":1,"332":1,"334":0,"335":0,"337":0,"338":0,"340":0,"341":0,"342":0,"343":0,"344":0,"345":0,"346":0,"347":0,"348":0,"350":0,"352":0,"354":0,"357":0,"358":0,"364":0,"365":0,"366":0,"367":0,"368":0,"369":0,"370":0,"371":0,"374":0,"375":0,"376":0,"381":0,"382":0,"383":0,"384":0,"385":0,"386":0,"391":0,"392":0,"393":0,"394":0,"395":0,"396":0,"400":0,"401":0,"406":0,"407":0,"408":0,"409":0,"410":0,"412":0,"417":0,"418":0,"422":0,"423":0,"424":0,"429":0,"430":0,"435":0,"436":0,"440":0,"454":0,"456":0,"460":0,"467":1,"469":0,"471":0,"472":0,"474":0,"475":0,"477":0,"480":0,"488":1,"490":0,"508":1,"510":0,"512":0,"513":0,"515":0,"516":0,"518":0,"519":0,"521":0,"524":0,"529":1,"531":0,"533":0,"534":0,"537":0,"540":0,"541":0,"542":0,"548":0,"551":0,"552":0,"553":0,"555":0,"557":0,"560":0,"561":0,"562":0,"565":1,"567":0,"570":0,"573":1,"575":0,"577":0,"588":1,"590":0,"591":0,"592":0,"595":0,"597":0,"598":0,"600":0,"601":0,"604":0,"611":1,"613":0,"615":0,"622":1,"624":0,"626":0,"633":1,"635":0,"637":0,"645":1,"647":0,"648":0,"653":0,"654":0,"659":0,"660":0,"666":0,"668":0,"675":1,"677":0,"679":0,"681":0,"692":1,"694":0,"696":0,"698":0,"699":0,"703":0,"704":0,"714":1,"716":0,"718":0,"719":0,"720":0,"721":0,"724":0,"725":0,"726":0,"729":0,"730":0,"731":0,"734":0}}}